{"level":"error","message":"✘ Failed to rebuild document Failed to parse navesTest.wtest: \n-- PARSING FAILED --------------------------------------------------\n\n  133 | \n  134 | \ttest \"Prepararse para viajar - Nave de Combate\"\n> 135 | }\n      | ^\n\nExpected one of the following: \n\n'@', '{', comment, whitespace\n","stack":"Error: Failed to parse navesTest.wtest: \n-- PARSING FAILED --------------------------------------------------\n\n  133 | \n  134 | \ttest \"Prepararse para viajar - Nave de Combate\"\n> 135 | }\n      | ^\n\nExpected one of the following: \n\n'@', '{', comment, whitespace\n\n    at /home/publico/.var/app/com.visualstudio.code/data/vscode/extensions/uqbar.wollok-lsp-ide-0.5.3/out/server/src/server.js:2348:13026\n    at Array.map (<anonymous>)\n    at W1n (/home/publico/.var/app/com.visualstudio.code/data/vscode/extensions/uqbar.wollok-lsp-ide-0.5.3/out/server/src/server.js:2348:12950)\n    at U2.buildEnvironmentFrom (/home/publico/.var/app/com.visualstudio.code/data/vscode/extensions/uqbar.wollok-lsp-ide-0.5.3/out/server/src/server.js:2393:5254)\n    at U2.updateEnvironmentWith (/home/publico/.var/app/com.visualstudio.code/data/vscode/extensions/uqbar.wollok-lsp-ide-0.5.3/out/server/src/server.js:2393:4989)\n    at JF (/home/publico/.var/app/com.visualstudio.code/data/vscode/extensions/uqbar.wollok-lsp-ide-0.5.3/out/server/src/server.js:2393:7383)\n    at F3.invoke (/home/publico/.var/app/com.visualstudio.code/data/vscode/extensions/uqbar.wollok-lsp-ide-0.5.3/out/server/src/server.js:3:157334)\n    at o.fire (/home/publico/.var/app/com.visualstudio.code/data/vscode/extensions/uqbar.wollok-lsp-ide-0.5.3/out/server/src/server.js:3:158104)\n    at /home/publico/.var/app/com.visualstudio.code/data/vscode/extensions/uqbar.wollok-lsp-ide-0.5.3/out/server/src/server.js:37:57871\n    at Zr (/home/publico/.var/app/com.visualstudio.code/data/vscode/extensions/uqbar.wollok-lsp-ide-0.5.3/out/server/src/server.js:8:1561)","timestamp":"2025-10-20T14:38:20.671Z"}
{"level":"error","message":"✘ Failed to rebuild document Failed to parse navesTest.wtest: \n-- PARSING FAILED --------------------------------------------------\n\n  133 | \n  134 | \ttest \"Prepararse para viajar - Nave de Combate \"\n> 135 | }\n      | ^\n\nExpected one of the following: \n\n'@', '{', comment, whitespace\n","stack":"Error: Failed to parse navesTest.wtest: \n-- PARSING FAILED --------------------------------------------------\n\n  133 | \n  134 | \ttest \"Prepararse para viajar - Nave de Combate \"\n> 135 | }\n      | ^\n\nExpected one of the following: \n\n'@', '{', comment, whitespace\n\n    at /home/publico/.var/app/com.visualstudio.code/data/vscode/extensions/uqbar.wollok-lsp-ide-0.5.3/out/server/src/server.js:2348:13026\n    at Array.map (<anonymous>)\n    at W1n (/home/publico/.var/app/com.visualstudio.code/data/vscode/extensions/uqbar.wollok-lsp-ide-0.5.3/out/server/src/server.js:2348:12950)\n    at U2.buildEnvironmentFrom (/home/publico/.var/app/com.visualstudio.code/data/vscode/extensions/uqbar.wollok-lsp-ide-0.5.3/out/server/src/server.js:2393:5254)\n    at U2.updateEnvironmentWith (/home/publico/.var/app/com.visualstudio.code/data/vscode/extensions/uqbar.wollok-lsp-ide-0.5.3/out/server/src/server.js:2393:4989)\n    at JF (/home/publico/.var/app/com.visualstudio.code/data/vscode/extensions/uqbar.wollok-lsp-ide-0.5.3/out/server/src/server.js:2393:7383)\n    at F3.invoke (/home/publico/.var/app/com.visualstudio.code/data/vscode/extensions/uqbar.wollok-lsp-ide-0.5.3/out/server/src/server.js:3:157334)\n    at o.fire (/home/publico/.var/app/com.visualstudio.code/data/vscode/extensions/uqbar.wollok-lsp-ide-0.5.3/out/server/src/server.js:3:158104)\n    at /home/publico/.var/app/com.visualstudio.code/data/vscode/extensions/uqbar.wollok-lsp-ide-0.5.3/out/server/src/server.js:37:57871\n    at Zr (/home/publico/.var/app/com.visualstudio.code/data/vscode/extensions/uqbar.wollok-lsp-ide-0.5.3/out/server/src/server.js:8:1561)","timestamp":"2025-10-20T14:38:20.761Z"}
{"level":"error","message":"✘ Failed to rebuild document Failed to parse navesTest.wtest: \n-- PARSING FAILED --------------------------------------------------\n\n  133 | \n  134 | \ttest \"Prepararse para viajar - Nave de Combate e\"\n> 135 | }\n      | ^\n\nExpected one of the following: \n\n'@', '{', comment, whitespace\n","stack":"Error: Failed to parse navesTest.wtest: \n-- PARSING FAILED --------------------------------------------------\n\n  133 | \n  134 | \ttest \"Prepararse para viajar - Nave de Combate e\"\n> 135 | }\n      | ^\n\nExpected one of the following: \n\n'@', '{', comment, whitespace\n\n    at /home/publico/.var/app/com.visualstudio.code/data/vscode/extensions/uqbar.wollok-lsp-ide-0.5.3/out/server/src/server.js:2348:13026\n    at Array.map (<anonymous>)\n    at W1n (/home/publico/.var/app/com.visualstudio.code/data/vscode/extensions/uqbar.wollok-lsp-ide-0.5.3/out/server/src/server.js:2348:12950)\n    at U2.buildEnvironmentFrom (/home/publico/.var/app/com.visualstudio.code/data/vscode/extensions/uqbar.wollok-lsp-ide-0.5.3/out/server/src/server.js:2393:5254)\n    at U2.updateEnvironmentWith (/home/publico/.var/app/com.visualstudio.code/data/vscode/extensions/uqbar.wollok-lsp-ide-0.5.3/out/server/src/server.js:2393:4989)\n    at JF (/home/publico/.var/app/com.visualstudio.code/data/vscode/extensions/uqbar.wollok-lsp-ide-0.5.3/out/server/src/server.js:2393:7383)\n    at F3.invoke (/home/publico/.var/app/com.visualstudio.code/data/vscode/extensions/uqbar.wollok-lsp-ide-0.5.3/out/server/src/server.js:3:157334)\n    at o.fire (/home/publico/.var/app/com.visualstudio.code/data/vscode/extensions/uqbar.wollok-lsp-ide-0.5.3/out/server/src/server.js:3:158104)\n    at /home/publico/.var/app/com.visualstudio.code/data/vscode/extensions/uqbar.wollok-lsp-ide-0.5.3/out/server/src/server.js:37:57871\n    at Zr (/home/publico/.var/app/com.visualstudio.code/data/vscode/extensions/uqbar.wollok-lsp-ide-0.5.3/out/server/src/server.js:8:1561)","timestamp":"2025-10-20T14:38:20.892Z"}
{"level":"error","message":"✘ Failed to rebuild document Failed to parse navesTest.wtest: \n-- PARSING FAILED --------------------------------------------------\n\n  133 | \n  134 | \ttest \"Prepararse para viajar - Nave de Combate en\"\n> 135 | }\n      | ^\n\nExpected one of the following: \n\n'@', '{', comment, whitespace\n","stack":"Error: Failed to parse navesTest.wtest: \n-- PARSING FAILED --------------------------------------------------\n\n  133 | \n  134 | \ttest \"Prepararse para viajar - Nave de Combate en\"\n> 135 | }\n      | ^\n\nExpected one of the following: \n\n'@', '{', comment, whitespace\n\n    at /home/publico/.var/app/com.visualstudio.code/data/vscode/extensions/uqbar.wollok-lsp-ide-0.5.3/out/server/src/server.js:2348:13026\n    at Array.map (<anonymous>)\n    at W1n (/home/publico/.var/app/com.visualstudio.code/data/vscode/extensions/uqbar.wollok-lsp-ide-0.5.3/out/server/src/server.js:2348:12950)\n    at U2.buildEnvironmentFrom (/home/publico/.var/app/com.visualstudio.code/data/vscode/extensions/uqbar.wollok-lsp-ide-0.5.3/out/server/src/server.js:2393:5254)\n    at U2.updateEnvironmentWith (/home/publico/.var/app/com.visualstudio.code/data/vscode/extensions/uqbar.wollok-lsp-ide-0.5.3/out/server/src/server.js:2393:4989)\n    at JF (/home/publico/.var/app/com.visualstudio.code/data/vscode/extensions/uqbar.wollok-lsp-ide-0.5.3/out/server/src/server.js:2393:7383)\n    at F3.invoke (/home/publico/.var/app/com.visualstudio.code/data/vscode/extensions/uqbar.wollok-lsp-ide-0.5.3/out/server/src/server.js:3:157334)\n    at o.fire (/home/publico/.var/app/com.visualstudio.code/data/vscode/extensions/uqbar.wollok-lsp-ide-0.5.3/out/server/src/server.js:3:158104)\n    at /home/publico/.var/app/com.visualstudio.code/data/vscode/extensions/uqbar.wollok-lsp-ide-0.5.3/out/server/src/server.js:37:57871\n    at Zr (/home/publico/.var/app/com.visualstudio.code/data/vscode/extensions/uqbar.wollok-lsp-ide-0.5.3/out/server/src/server.js:8:1561)","timestamp":"2025-10-20T14:38:20.976Z"}
{"level":"error","message":"✘ Failed to rebuild document Failed to parse navesTest.wtest: \n-- PARSING FAILED --------------------------------------------------\n\n  133 | \n  134 | \ttest \"Prepararse para viajar - Nave de Combate en \"\n> 135 | }\n      | ^\n\nExpected one of the following: \n\n'@', '{', comment, whitespace\n","stack":"Error: Failed to parse navesTest.wtest: \n-- PARSING FAILED --------------------------------------------------\n\n  133 | \n  134 | \ttest \"Prepararse para viajar - Nave de Combate en \"\n> 135 | }\n      | ^\n\nExpected one of the following: \n\n'@', '{', comment, whitespace\n\n    at /home/publico/.var/app/com.visualstudio.code/data/vscode/extensions/uqbar.wollok-lsp-ide-0.5.3/out/server/src/server.js:2348:13026\n    at Array.map (<anonymous>)\n    at W1n (/home/publico/.var/app/com.visualstudio.code/data/vscode/extensions/uqbar.wollok-lsp-ide-0.5.3/out/server/src/server.js:2348:12950)\n    at U2.buildEnvironmentFrom (/home/publico/.var/app/com.visualstudio.code/data/vscode/extensions/uqbar.wollok-lsp-ide-0.5.3/out/server/src/server.js:2393:5254)\n    at U2.updateEnvironmentWith (/home/publico/.var/app/com.visualstudio.code/data/vscode/extensions/uqbar.wollok-lsp-ide-0.5.3/out/server/src/server.js:2393:4989)\n    at JF (/home/publico/.var/app/com.visualstudio.code/data/vscode/extensions/uqbar.wollok-lsp-ide-0.5.3/out/server/src/server.js:2393:7383)\n    at F3.invoke (/home/publico/.var/app/com.visualstudio.code/data/vscode/extensions/uqbar.wollok-lsp-ide-0.5.3/out/server/src/server.js:3:157334)\n    at o.fire (/home/publico/.var/app/com.visualstudio.code/data/vscode/extensions/uqbar.wollok-lsp-ide-0.5.3/out/server/src/server.js:3:158104)\n    at /home/publico/.var/app/com.visualstudio.code/data/vscode/extensions/uqbar.wollok-lsp-ide-0.5.3/out/server/src/server.js:37:57871\n    at Zr (/home/publico/.var/app/com.visualstudio.code/data/vscode/extensions/uqbar.wollok-lsp-ide-0.5.3/out/server/src/server.js:8:1561)","timestamp":"2025-10-20T14:38:21.120Z"}
{"level":"error","message":"✘ Failed to rebuild document Failed to parse navesTest.wtest: \n-- PARSING FAILED --------------------------------------------------\n\n  133 | \n  134 | \ttest \"Prepararse para viajar - Nave de Combate en R\"\n> 135 | }\n      | ^\n\nExpected one of the following: \n\n'@', '{', comment, whitespace\n","stack":"Error: Failed to parse navesTest.wtest: \n-- PARSING FAILED --------------------------------------------------\n\n  133 | \n  134 | \ttest \"Prepararse para viajar - Nave de Combate en R\"\n> 135 | }\n      | ^\n\nExpected one of the following: \n\n'@', '{', comment, whitespace\n\n    at /home/publico/.var/app/com.visualstudio.code/data/vscode/extensions/uqbar.wollok-lsp-ide-0.5.3/out/server/src/server.js:2348:13026\n    at Array.map (<anonymous>)\n    at W1n (/home/publico/.var/app/com.visualstudio.code/data/vscode/extensions/uqbar.wollok-lsp-ide-0.5.3/out/server/src/server.js:2348:12950)\n    at U2.buildEnvironmentFrom (/home/publico/.var/app/com.visualstudio.code/data/vscode/extensions/uqbar.wollok-lsp-ide-0.5.3/out/server/src/server.js:2393:5254)\n    at U2.updateEnvironmentWith (/home/publico/.var/app/com.visualstudio.code/data/vscode/extensions/uqbar.wollok-lsp-ide-0.5.3/out/server/src/server.js:2393:4989)\n    at JF (/home/publico/.var/app/com.visualstudio.code/data/vscode/extensions/uqbar.wollok-lsp-ide-0.5.3/out/server/src/server.js:2393:7383)\n    at F3.invoke (/home/publico/.var/app/com.visualstudio.code/data/vscode/extensions/uqbar.wollok-lsp-ide-0.5.3/out/server/src/server.js:3:157334)\n    at o.fire (/home/publico/.var/app/com.visualstudio.code/data/vscode/extensions/uqbar.wollok-lsp-ide-0.5.3/out/server/src/server.js:3:158104)\n    at /home/publico/.var/app/com.visualstudio.code/data/vscode/extensions/uqbar.wollok-lsp-ide-0.5.3/out/server/src/server.js:37:57871\n    at Zr (/home/publico/.var/app/com.visualstudio.code/data/vscode/extensions/uqbar.wollok-lsp-ide-0.5.3/out/server/src/server.js:8:1561)","timestamp":"2025-10-20T14:38:21.362Z"}
{"level":"error","message":"✘ Failed to rebuild document Failed to parse navesTest.wtest: \n-- PARSING FAILED --------------------------------------------------\n\n  133 | \n  134 | \ttest \"Prepararse para viajar - Nave de Combate en Re\"\n> 135 | }\n      | ^\n\nExpected one of the following: \n\n'@', '{', comment, whitespace\n","stack":"Error: Failed to parse navesTest.wtest: \n-- PARSING FAILED --------------------------------------------------\n\n  133 | \n  134 | \ttest \"Prepararse para viajar - Nave de Combate en Re\"\n> 135 | }\n      | ^\n\nExpected one of the following: \n\n'@', '{', comment, whitespace\n\n    at /home/publico/.var/app/com.visualstudio.code/data/vscode/extensions/uqbar.wollok-lsp-ide-0.5.3/out/server/src/server.js:2348:13026\n    at Array.map (<anonymous>)\n    at W1n (/home/publico/.var/app/com.visualstudio.code/data/vscode/extensions/uqbar.wollok-lsp-ide-0.5.3/out/server/src/server.js:2348:12950)\n    at U2.buildEnvironmentFrom (/home/publico/.var/app/com.visualstudio.code/data/vscode/extensions/uqbar.wollok-lsp-ide-0.5.3/out/server/src/server.js:2393:5254)\n    at U2.updateEnvironmentWith (/home/publico/.var/app/com.visualstudio.code/data/vscode/extensions/uqbar.wollok-lsp-ide-0.5.3/out/server/src/server.js:2393:4989)\n    at JF (/home/publico/.var/app/com.visualstudio.code/data/vscode/extensions/uqbar.wollok-lsp-ide-0.5.3/out/server/src/server.js:2393:7383)\n    at F3.invoke (/home/publico/.var/app/com.visualstudio.code/data/vscode/extensions/uqbar.wollok-lsp-ide-0.5.3/out/server/src/server.js:3:157334)\n    at o.fire (/home/publico/.var/app/com.visualstudio.code/data/vscode/extensions/uqbar.wollok-lsp-ide-0.5.3/out/server/src/server.js:3:158104)\n    at /home/publico/.var/app/com.visualstudio.code/data/vscode/extensions/uqbar.wollok-lsp-ide-0.5.3/out/server/src/server.js:37:57871\n    at Zr (/home/publico/.var/app/com.visualstudio.code/data/vscode/extensions/uqbar.wollok-lsp-ide-0.5.3/out/server/src/server.js:8:1561)","timestamp":"2025-10-20T14:38:21.511Z"}
{"level":"error","message":"✘ Failed to rebuild document Failed to parse navesTest.wtest: \n-- PARSING FAILED --------------------------------------------------\n\n  133 | \n  134 | \ttest \"Prepararse para viajar - Nave de Combate en Rep\"\n> 135 | }\n      | ^\n\nExpected one of the following: \n\n'@', '{', comment, whitespace\n","stack":"Error: Failed to parse navesTest.wtest: \n-- PARSING FAILED --------------------------------------------------\n\n  133 | \n  134 | \ttest \"Prepararse para viajar - Nave de Combate en Rep\"\n> 135 | }\n      | ^\n\nExpected one of the following: \n\n'@', '{', comment, whitespace\n\n    at /home/publico/.var/app/com.visualstudio.code/data/vscode/extensions/uqbar.wollok-lsp-ide-0.5.3/out/server/src/server.js:2348:13026\n    at Array.map (<anonymous>)\n    at W1n (/home/publico/.var/app/com.visualstudio.code/data/vscode/extensions/uqbar.wollok-lsp-ide-0.5.3/out/server/src/server.js:2348:12950)\n    at U2.buildEnvironmentFrom (/home/publico/.var/app/com.visualstudio.code/data/vscode/extensions/uqbar.wollok-lsp-ide-0.5.3/out/server/src/server.js:2393:5254)\n    at U2.updateEnvironmentWith (/home/publico/.var/app/com.visualstudio.code/data/vscode/extensions/uqbar.wollok-lsp-ide-0.5.3/out/server/src/server.js:2393:4989)\n    at JF (/home/publico/.var/app/com.visualstudio.code/data/vscode/extensions/uqbar.wollok-lsp-ide-0.5.3/out/server/src/server.js:2393:7383)\n    at F3.invoke (/home/publico/.var/app/com.visualstudio.code/data/vscode/extensions/uqbar.wollok-lsp-ide-0.5.3/out/server/src/server.js:3:157334)\n    at o.fire (/home/publico/.var/app/com.visualstudio.code/data/vscode/extensions/uqbar.wollok-lsp-ide-0.5.3/out/server/src/server.js:3:158104)\n    at /home/publico/.var/app/com.visualstudio.code/data/vscode/extensions/uqbar.wollok-lsp-ide-0.5.3/out/server/src/server.js:37:57871\n    at Zr (/home/publico/.var/app/com.visualstudio.code/data/vscode/extensions/uqbar.wollok-lsp-ide-0.5.3/out/server/src/server.js:8:1561)","timestamp":"2025-10-20T14:38:21.600Z"}
{"level":"error","message":"✘ Failed to rebuild document Failed to parse navesTest.wtest: \n-- PARSING FAILED --------------------------------------------------\n\n  133 | \n  134 | \ttest \"Prepararse para viajar - Nave de Combate en Repo\"\n> 135 | }\n      | ^\n\nExpected one of the following: \n\n'@', '{', comment, whitespace\n","stack":"Error: Failed to parse navesTest.wtest: \n-- PARSING FAILED --------------------------------------------------\n\n  133 | \n  134 | \ttest \"Prepararse para viajar - Nave de Combate en Repo\"\n> 135 | }\n      | ^\n\nExpected one of the following: \n\n'@', '{', comment, whitespace\n\n    at /home/publico/.var/app/com.visualstudio.code/data/vscode/extensions/uqbar.wollok-lsp-ide-0.5.3/out/server/src/server.js:2348:13026\n    at Array.map (<anonymous>)\n    at W1n (/home/publico/.var/app/com.visualstudio.code/data/vscode/extensions/uqbar.wollok-lsp-ide-0.5.3/out/server/src/server.js:2348:12950)\n    at U2.buildEnvironmentFrom (/home/publico/.var/app/com.visualstudio.code/data/vscode/extensions/uqbar.wollok-lsp-ide-0.5.3/out/server/src/server.js:2393:5254)\n    at U2.updateEnvironmentWith (/home/publico/.var/app/com.visualstudio.code/data/vscode/extensions/uqbar.wollok-lsp-ide-0.5.3/out/server/src/server.js:2393:4989)\n    at JF (/home/publico/.var/app/com.visualstudio.code/data/vscode/extensions/uqbar.wollok-lsp-ide-0.5.3/out/server/src/server.js:2393:7383)\n    at F3.invoke (/home/publico/.var/app/com.visualstudio.code/data/vscode/extensions/uqbar.wollok-lsp-ide-0.5.3/out/server/src/server.js:3:157334)\n    at o.fire (/home/publico/.var/app/com.visualstudio.code/data/vscode/extensions/uqbar.wollok-lsp-ide-0.5.3/out/server/src/server.js:3:158104)\n    at /home/publico/.var/app/com.visualstudio.code/data/vscode/extensions/uqbar.wollok-lsp-ide-0.5.3/out/server/src/server.js:37:57871\n    at Zr (/home/publico/.var/app/com.visualstudio.code/data/vscode/extensions/uqbar.wollok-lsp-ide-0.5.3/out/server/src/server.js:8:1561)","timestamp":"2025-10-20T14:38:21.759Z"}
{"level":"error","message":"✘ Failed to rebuild document Failed to parse navesTest.wtest: \n-- PARSING FAILED --------------------------------------------------\n\n  133 | \n  134 | \ttest \"Prepararse para viajar - Nave de Combate en Repos\"\n> 135 | }\n      | ^\n\nExpected one of the following: \n\n'@', '{', comment, whitespace\n","stack":"Error: Failed to parse navesTest.wtest: \n-- PARSING FAILED --------------------------------------------------\n\n  133 | \n  134 | \ttest \"Prepararse para viajar - Nave de Combate en Repos\"\n> 135 | }\n      | ^\n\nExpected one of the following: \n\n'@', '{', comment, whitespace\n\n    at /home/publico/.var/app/com.visualstudio.code/data/vscode/extensions/uqbar.wollok-lsp-ide-0.5.3/out/server/src/server.js:2348:13026\n    at Array.map (<anonymous>)\n    at W1n (/home/publico/.var/app/com.visualstudio.code/data/vscode/extensions/uqbar.wollok-lsp-ide-0.5.3/out/server/src/server.js:2348:12950)\n    at U2.buildEnvironmentFrom (/home/publico/.var/app/com.visualstudio.code/data/vscode/extensions/uqbar.wollok-lsp-ide-0.5.3/out/server/src/server.js:2393:5254)\n    at U2.updateEnvironmentWith (/home/publico/.var/app/com.visualstudio.code/data/vscode/extensions/uqbar.wollok-lsp-ide-0.5.3/out/server/src/server.js:2393:4989)\n    at JF (/home/publico/.var/app/com.visualstudio.code/data/vscode/extensions/uqbar.wollok-lsp-ide-0.5.3/out/server/src/server.js:2393:7383)\n    at F3.invoke (/home/publico/.var/app/com.visualstudio.code/data/vscode/extensions/uqbar.wollok-lsp-ide-0.5.3/out/server/src/server.js:3:157334)\n    at o.fire (/home/publico/.var/app/com.visualstudio.code/data/vscode/extensions/uqbar.wollok-lsp-ide-0.5.3/out/server/src/server.js:3:158104)\n    at /home/publico/.var/app/com.visualstudio.code/data/vscode/extensions/uqbar.wollok-lsp-ide-0.5.3/out/server/src/server.js:37:57871\n    at Zr (/home/publico/.var/app/com.visualstudio.code/data/vscode/extensions/uqbar.wollok-lsp-ide-0.5.3/out/server/src/server.js:8:1561)","timestamp":"2025-10-20T14:38:21.836Z"}
{"level":"error","message":"✘ Failed to rebuild document Failed to parse navesTest.wtest: \n-- PARSING FAILED --------------------------------------------------\n\n  133 | \n  134 | \ttest \"Prepararse para viajar - Nave de Combate en Reposo\"\n> 135 | }\n      | ^\n\nExpected one of the following: \n\n'@', '{', comment, whitespace\n","stack":"Error: Failed to parse navesTest.wtest: \n-- PARSING FAILED --------------------------------------------------\n\n  133 | \n  134 | \ttest \"Prepararse para viajar - Nave de Combate en Reposo\"\n> 135 | }\n      | ^\n\nExpected one of the following: \n\n'@', '{', comment, whitespace\n\n    at /home/publico/.var/app/com.visualstudio.code/data/vscode/extensions/uqbar.wollok-lsp-ide-0.5.3/out/server/src/server.js:2348:13026\n    at Array.map (<anonymous>)\n    at W1n (/home/publico/.var/app/com.visualstudio.code/data/vscode/extensions/uqbar.wollok-lsp-ide-0.5.3/out/server/src/server.js:2348:12950)\n    at U2.buildEnvironmentFrom (/home/publico/.var/app/com.visualstudio.code/data/vscode/extensions/uqbar.wollok-lsp-ide-0.5.3/out/server/src/server.js:2393:5254)\n    at U2.updateEnvironmentWith (/home/publico/.var/app/com.visualstudio.code/data/vscode/extensions/uqbar.wollok-lsp-ide-0.5.3/out/server/src/server.js:2393:4989)\n    at JF (/home/publico/.var/app/com.visualstudio.code/data/vscode/extensions/uqbar.wollok-lsp-ide-0.5.3/out/server/src/server.js:2393:7383)\n    at F3.invoke (/home/publico/.var/app/com.visualstudio.code/data/vscode/extensions/uqbar.wollok-lsp-ide-0.5.3/out/server/src/server.js:3:157334)\n    at o.fire (/home/publico/.var/app/com.visualstudio.code/data/vscode/extensions/uqbar.wollok-lsp-ide-0.5.3/out/server/src/server.js:3:158104)\n    at /home/publico/.var/app/com.visualstudio.code/data/vscode/extensions/uqbar.wollok-lsp-ide-0.5.3/out/server/src/server.js:37:57871\n    at Zr (/home/publico/.var/app/com.visualstudio.code/data/vscode/extensions/uqbar.wollok-lsp-ide-0.5.3/out/server/src/server.js:8:1561)","timestamp":"2025-10-20T14:38:21.907Z"}
{"level":"error","message":"✘ Failed to rebuild document Failed to parse navesTest.wtest: \n-- PARSING FAILED --------------------------------------------------\n\n  133 | \n  134 | \ttest \"Prepararse para viajar - Nave de Combate en Reposo\" \n> 135 | }\n      | ^\n\nExpected one of the following: \n\n'@', '{', comment, whitespace\n","stack":"Error: Failed to parse navesTest.wtest: \n-- PARSING FAILED --------------------------------------------------\n\n  133 | \n  134 | \ttest \"Prepararse para viajar - Nave de Combate en Reposo\" \n> 135 | }\n      | ^\n\nExpected one of the following: \n\n'@', '{', comment, whitespace\n\n    at /home/publico/.var/app/com.visualstudio.code/data/vscode/extensions/uqbar.wollok-lsp-ide-0.5.3/out/server/src/server.js:2348:13026\n    at Array.map (<anonymous>)\n    at W1n (/home/publico/.var/app/com.visualstudio.code/data/vscode/extensions/uqbar.wollok-lsp-ide-0.5.3/out/server/src/server.js:2348:12950)\n    at U2.buildEnvironmentFrom (/home/publico/.var/app/com.visualstudio.code/data/vscode/extensions/uqbar.wollok-lsp-ide-0.5.3/out/server/src/server.js:2393:5254)\n    at U2.updateEnvironmentWith (/home/publico/.var/app/com.visualstudio.code/data/vscode/extensions/uqbar.wollok-lsp-ide-0.5.3/out/server/src/server.js:2393:4989)\n    at JF (/home/publico/.var/app/com.visualstudio.code/data/vscode/extensions/uqbar.wollok-lsp-ide-0.5.3/out/server/src/server.js:2393:7383)\n    at F3.invoke (/home/publico/.var/app/com.visualstudio.code/data/vscode/extensions/uqbar.wollok-lsp-ide-0.5.3/out/server/src/server.js:3:157334)\n    at o.fire (/home/publico/.var/app/com.visualstudio.code/data/vscode/extensions/uqbar.wollok-lsp-ide-0.5.3/out/server/src/server.js:3:158104)\n    at /home/publico/.var/app/com.visualstudio.code/data/vscode/extensions/uqbar.wollok-lsp-ide-0.5.3/out/server/src/server.js:37:57871\n    at Zr (/home/publico/.var/app/com.visualstudio.code/data/vscode/extensions/uqbar.wollok-lsp-ide-0.5.3/out/server/src/server.js:8:1561)","timestamp":"2025-10-20T14:38:22.812Z"}
{"level":"info","message":"⌛ Validating navesTest.wtest","timeElapsed":102,"timestamp":"2025-10-20T14:38:23.127Z"}
{"level":"info","message":"⌛ Building environment","timeElapsed":113,"timestamp":"2025-10-20T14:38:23.241Z"}
{"level":"info","message":"⌛ Building environment","timeElapsed":112,"timestamp":"2025-10-20T14:38:31.936Z"}
{"level":"info","message":"⌛ Validating navesTest.wtest","timeElapsed":113,"timestamp":"2025-10-20T14:38:32.049Z"}
{"level":"info","message":"⌛ Validating navesTest.wtest","timeElapsed":105,"timestamp":"2025-10-20T14:38:32.244Z"}
{"level":"info","message":"⌛ Validating navesTest.wtest","timeElapsed":103,"timestamp":"2025-10-20T14:38:34.247Z"}
{"level":"info","message":"⌛ Building environment","timeElapsed":134,"timestamp":"2025-10-20T14:38:34.644Z"}
{"level":"info","message":"⌛ Validating navesTest.wtest","timeElapsed":101,"timestamp":"2025-10-20T14:38:34.745Z"}
{"level":"info","message":"⌛ Validating navesTest.wtest","timeElapsed":108,"timestamp":"2025-10-20T14:38:36.530Z"}
{"level":"error","message":"✘ Completions for node Send ([132:3, 132:26] - navesTest.wtest) failed: Error: [Send]{5cb266} at navesTest.wtest:132 exhausted all cases without a match [Send]{5cb266} at navesTest.wtest:132 exhausted all cases without a match","stack":"Error: [Send]{5cb266} at navesTest.wtest:132 exhausted all cases without a match\n    at /home/publico/.var/app/com.visualstudio.code/data/vscode/extensions/uqbar.wollok-lsp-ide-0.5.3/out/server/src/server.js:38:6142\n    at D2 (/home/publico/.var/app/com.visualstudio.code/data/vscode/extensions/uqbar.wollok-lsp-ide-0.5.3/out/server/src/server.js:2384:42)\n    at Qh (/home/publico/.var/app/com.visualstudio.code/data/vscode/extensions/uqbar.wollok-lsp-ide-0.5.3/out/server/src/server.js:2384:1092)\n    at k6n (/home/publico/.var/app/com.visualstudio.code/data/vscode/extensions/uqbar.wollok-lsp-ide-0.5.3/out/server/src/server.js:2384:1248)\n    at /home/publico/.var/app/com.visualstudio.code/data/vscode/extensions/uqbar.wollok-lsp-ide-0.5.3/out/server/src/server.js:38:6131\n    at D2 (/home/publico/.var/app/com.visualstudio.code/data/vscode/extensions/uqbar.wollok-lsp-ide-0.5.3/out/server/src/server.js:2384:42)\n    at /home/publico/.var/app/com.visualstudio.code/data/vscode/extensions/uqbar.wollok-lsp-ide-0.5.3/out/server/src/server.js:2384:2988\n    at /home/publico/.var/app/com.visualstudio.code/data/vscode/extensions/uqbar.wollok-lsp-ide-0.5.3/out/server/src/server.js:2393:8440\n    at /home/publico/.var/app/com.visualstudio.code/data/vscode/extensions/uqbar.wollok-lsp-ide-0.5.3/out/server/src/server.js:37:74872\n    at Ye (/home/publico/.var/app/com.visualstudio.code/data/vscode/extensions/uqbar.wollok-lsp-ide-0.5.3/out/server/src/server.js:7:8527)","timestamp":"2025-10-20T14:39:11.370Z"}
{"level":"info","message":"⌛ Building environment","timeElapsed":110,"timestamp":"2025-10-20T14:39:11.484Z"}
{"level":"info","message":"⌛ Validating navesTest.wtest","timeElapsed":110,"timestamp":"2025-10-20T14:39:11.594Z"}
{"level":"info","message":"⌛ Validating navesTest.wtest","timeElapsed":103,"timestamp":"2025-10-20T14:39:11.698Z"}
{"level":"info","message":"⌛ Building environment","timeElapsed":131,"timestamp":"2025-10-20T14:39:11.831Z"}
{"level":"error","message":"✘ Completions for node Send ([132:3, 132:28] - navesTest.wtest) failed: Error: [Send]{cd5779} at navesTest.wtest:132 exhausted all cases without a match [Send]{cd5779} at navesTest.wtest:132 exhausted all cases without a match","stack":"Error: [Send]{cd5779} at navesTest.wtest:132 exhausted all cases without a match\n    at /home/publico/.var/app/com.visualstudio.code/data/vscode/extensions/uqbar.wollok-lsp-ide-0.5.3/out/server/src/server.js:38:6142\n    at D2 (/home/publico/.var/app/com.visualstudio.code/data/vscode/extensions/uqbar.wollok-lsp-ide-0.5.3/out/server/src/server.js:2384:42)\n    at Qh (/home/publico/.var/app/com.visualstudio.code/data/vscode/extensions/uqbar.wollok-lsp-ide-0.5.3/out/server/src/server.js:2384:1092)\n    at k6n (/home/publico/.var/app/com.visualstudio.code/data/vscode/extensions/uqbar.wollok-lsp-ide-0.5.3/out/server/src/server.js:2384:1248)\n    at /home/publico/.var/app/com.visualstudio.code/data/vscode/extensions/uqbar.wollok-lsp-ide-0.5.3/out/server/src/server.js:38:6131\n    at D2 (/home/publico/.var/app/com.visualstudio.code/data/vscode/extensions/uqbar.wollok-lsp-ide-0.5.3/out/server/src/server.js:2384:42)\n    at /home/publico/.var/app/com.visualstudio.code/data/vscode/extensions/uqbar.wollok-lsp-ide-0.5.3/out/server/src/server.js:2384:2988\n    at /home/publico/.var/app/com.visualstudio.code/data/vscode/extensions/uqbar.wollok-lsp-ide-0.5.3/out/server/src/server.js:2393:8440\n    at /home/publico/.var/app/com.visualstudio.code/data/vscode/extensions/uqbar.wollok-lsp-ide-0.5.3/out/server/src/server.js:37:74872\n    at Ye (/home/publico/.var/app/com.visualstudio.code/data/vscode/extensions/uqbar.wollok-lsp-ide-0.5.3/out/server/src/server.js:7:8527)","timestamp":"2025-10-20T14:39:11.858Z"}
{"level":"error","message":"✘ Completions for node Send ([132:3, 132:27] - navesTest.wtest) failed: Error: [Send]{0778b1} at navesTest.wtest:132 exhausted all cases without a match [Send]{0778b1} at navesTest.wtest:132 exhausted all cases without a match","stack":"Error: [Send]{0778b1} at navesTest.wtest:132 exhausted all cases without a match\n    at /home/publico/.var/app/com.visualstudio.code/data/vscode/extensions/uqbar.wollok-lsp-ide-0.5.3/out/server/src/server.js:38:6142\n    at D2 (/home/publico/.var/app/com.visualstudio.code/data/vscode/extensions/uqbar.wollok-lsp-ide-0.5.3/out/server/src/server.js:2384:42)\n    at Qh (/home/publico/.var/app/com.visualstudio.code/data/vscode/extensions/uqbar.wollok-lsp-ide-0.5.3/out/server/src/server.js:2384:1092)\n    at k6n (/home/publico/.var/app/com.visualstudio.code/data/vscode/extensions/uqbar.wollok-lsp-ide-0.5.3/out/server/src/server.js:2384:1248)\n    at /home/publico/.var/app/com.visualstudio.code/data/vscode/extensions/uqbar.wollok-lsp-ide-0.5.3/out/server/src/server.js:38:6131\n    at D2 (/home/publico/.var/app/com.visualstudio.code/data/vscode/extensions/uqbar.wollok-lsp-ide-0.5.3/out/server/src/server.js:2384:42)\n    at /home/publico/.var/app/com.visualstudio.code/data/vscode/extensions/uqbar.wollok-lsp-ide-0.5.3/out/server/src/server.js:2384:2988\n    at /home/publico/.var/app/com.visualstudio.code/data/vscode/extensions/uqbar.wollok-lsp-ide-0.5.3/out/server/src/server.js:2393:8440\n    at /home/publico/.var/app/com.visualstudio.code/data/vscode/extensions/uqbar.wollok-lsp-ide-0.5.3/out/server/src/server.js:37:74872\n    at Ye (/home/publico/.var/app/com.visualstudio.code/data/vscode/extensions/uqbar.wollok-lsp-ide-0.5.3/out/server/src/server.js:7:8527)","timestamp":"2025-10-20T14:39:11.988Z"}
{"level":"error","message":"✘ Completions for node Send ([132:3, 132:26] - navesTest.wtest) failed: Error: [Send]{13d677} at navesTest.wtest:132 exhausted all cases without a match [Send]{13d677} at navesTest.wtest:132 exhausted all cases without a match","stack":"Error: [Send]{13d677} at navesTest.wtest:132 exhausted all cases without a match\n    at /home/publico/.var/app/com.visualstudio.code/data/vscode/extensions/uqbar.wollok-lsp-ide-0.5.3/out/server/src/server.js:38:6142\n    at D2 (/home/publico/.var/app/com.visualstudio.code/data/vscode/extensions/uqbar.wollok-lsp-ide-0.5.3/out/server/src/server.js:2384:42)\n    at Qh (/home/publico/.var/app/com.visualstudio.code/data/vscode/extensions/uqbar.wollok-lsp-ide-0.5.3/out/server/src/server.js:2384:1092)\n    at k6n (/home/publico/.var/app/com.visualstudio.code/data/vscode/extensions/uqbar.wollok-lsp-ide-0.5.3/out/server/src/server.js:2384:1248)\n    at /home/publico/.var/app/com.visualstudio.code/data/vscode/extensions/uqbar.wollok-lsp-ide-0.5.3/out/server/src/server.js:38:6131\n    at D2 (/home/publico/.var/app/com.visualstudio.code/data/vscode/extensions/uqbar.wollok-lsp-ide-0.5.3/out/server/src/server.js:2384:42)\n    at /home/publico/.var/app/com.visualstudio.code/data/vscode/extensions/uqbar.wollok-lsp-ide-0.5.3/out/server/src/server.js:2384:2988\n    at /home/publico/.var/app/com.visualstudio.code/data/vscode/extensions/uqbar.wollok-lsp-ide-0.5.3/out/server/src/server.js:2393:8440\n    at /home/publico/.var/app/com.visualstudio.code/data/vscode/extensions/uqbar.wollok-lsp-ide-0.5.3/out/server/src/server.js:37:74872\n    at Ye (/home/publico/.var/app/com.visualstudio.code/data/vscode/extensions/uqbar.wollok-lsp-ide-0.5.3/out/server/src/server.js:7:8527)","timestamp":"2025-10-20T14:39:12.813Z"}
{"level":"error","message":"✘ Completions for node Send ([132:3, 132:47] - navesTest.wtest) failed: Error: [Send]{7bc8ff} at navesTest.wtest:132 exhausted all cases without a match [Send]{7bc8ff} at navesTest.wtest:132 exhausted all cases without a match","stack":"Error: [Send]{7bc8ff} at navesTest.wtest:132 exhausted all cases without a match\n    at /home/publico/.var/app/com.visualstudio.code/data/vscode/extensions/uqbar.wollok-lsp-ide-0.5.3/out/server/src/server.js:38:6142\n    at D2 (/home/publico/.var/app/com.visualstudio.code/data/vscode/extensions/uqbar.wollok-lsp-ide-0.5.3/out/server/src/server.js:2384:42)\n    at Qh (/home/publico/.var/app/com.visualstudio.code/data/vscode/extensions/uqbar.wollok-lsp-ide-0.5.3/out/server/src/server.js:2384:1092)\n    at k6n (/home/publico/.var/app/com.visualstudio.code/data/vscode/extensions/uqbar.wollok-lsp-ide-0.5.3/out/server/src/server.js:2384:1248)\n    at /home/publico/.var/app/com.visualstudio.code/data/vscode/extensions/uqbar.wollok-lsp-ide-0.5.3/out/server/src/server.js:38:6131\n    at D2 (/home/publico/.var/app/com.visualstudio.code/data/vscode/extensions/uqbar.wollok-lsp-ide-0.5.3/out/server/src/server.js:2384:42)\n    at /home/publico/.var/app/com.visualstudio.code/data/vscode/extensions/uqbar.wollok-lsp-ide-0.5.3/out/server/src/server.js:2384:2988\n    at /home/publico/.var/app/com.visualstudio.code/data/vscode/extensions/uqbar.wollok-lsp-ide-0.5.3/out/server/src/server.js:2393:8440\n    at /home/publico/.var/app/com.visualstudio.code/data/vscode/extensions/uqbar.wollok-lsp-ide-0.5.3/out/server/src/server.js:37:74872\n    at Ye (/home/publico/.var/app/com.visualstudio.code/data/vscode/extensions/uqbar.wollok-lsp-ide-0.5.3/out/server/src/server.js:7:8527)","timestamp":"2025-10-20T14:39:14.617Z"}
{"level":"error","message":"✘ Completions for node Send ([132:3, 132:50] - navesTest.wtest) failed: Error: [Send]{c6b9d5} at navesTest.wtest:132 exhausted all cases without a match [Send]{c6b9d5} at navesTest.wtest:132 exhausted all cases without a match","stack":"Error: [Send]{c6b9d5} at navesTest.wtest:132 exhausted all cases without a match\n    at /home/publico/.var/app/com.visualstudio.code/data/vscode/extensions/uqbar.wollok-lsp-ide-0.5.3/out/server/src/server.js:38:6142\n    at D2 (/home/publico/.var/app/com.visualstudio.code/data/vscode/extensions/uqbar.wollok-lsp-ide-0.5.3/out/server/src/server.js:2384:42)\n    at Qh (/home/publico/.var/app/com.visualstudio.code/data/vscode/extensions/uqbar.wollok-lsp-ide-0.5.3/out/server/src/server.js:2384:1092)\n    at k6n (/home/publico/.var/app/com.visualstudio.code/data/vscode/extensions/uqbar.wollok-lsp-ide-0.5.3/out/server/src/server.js:2384:1248)\n    at /home/publico/.var/app/com.visualstudio.code/data/vscode/extensions/uqbar.wollok-lsp-ide-0.5.3/out/server/src/server.js:38:6131\n    at D2 (/home/publico/.var/app/com.visualstudio.code/data/vscode/extensions/uqbar.wollok-lsp-ide-0.5.3/out/server/src/server.js:2384:42)\n    at /home/publico/.var/app/com.visualstudio.code/data/vscode/extensions/uqbar.wollok-lsp-ide-0.5.3/out/server/src/server.js:2384:2988\n    at /home/publico/.var/app/com.visualstudio.code/data/vscode/extensions/uqbar.wollok-lsp-ide-0.5.3/out/server/src/server.js:2393:8440\n    at /home/publico/.var/app/com.visualstudio.code/data/vscode/extensions/uqbar.wollok-lsp-ide-0.5.3/out/server/src/server.js:37:74872\n    at Ye (/home/publico/.var/app/com.visualstudio.code/data/vscode/extensions/uqbar.wollok-lsp-ide-0.5.3/out/server/src/server.js:7:8527)","timestamp":"2025-10-20T14:39:15.029Z"}
{"level":"info","message":"⌛ Building environment","timeElapsed":108,"timestamp":"2025-10-20T14:39:15.516Z"}
{"level":"info","message":"⌛ Building environment","timeElapsed":123,"timestamp":"2025-10-20T14:39:19.007Z"}
{"level":"info","message":"⌛ Building environment","timeElapsed":146,"timestamp":"2025-10-20T14:39:19.288Z"}
{"level":"info","message":"⌛ Validating navesTest.wtest","timeElapsed":136,"timestamp":"2025-10-20T14:39:19.510Z"}
{"level":"info","message":"⌛ Validating navesTest.wtest","timeElapsed":116,"timestamp":"2025-10-20T14:39:27.539Z"}
{"level":"info","message":"⌛ Building environment","timeElapsed":103,"timestamp":"2025-10-20T14:39:27.908Z"}
{"level":"info","message":"⌛ Validating navesTest.wtest","timeElapsed":104,"timestamp":"2025-10-20T14:39:28.094Z"}
{"level":"info","message":"⌛ Building environment","timeElapsed":113,"timestamp":"2025-10-20T14:39:28.218Z"}
{"level":"info","message":"⌛ Building environment","timeElapsed":102,"timestamp":"2025-10-20T14:39:28.337Z"}
{"level":"info","message":"⌛ Building environment","timeElapsed":121,"timestamp":"2025-10-20T14:39:28.547Z"}
{"level":"error","message":"✘ Completions for node Send ([133:3, 133:39] - navesTest.wtest) failed: Error: [Send]{5521f9} at navesTest.wtest:133 exhausted all cases without a match [Send]{5521f9} at navesTest.wtest:133 exhausted all cases without a match","stack":"Error: [Send]{5521f9} at navesTest.wtest:133 exhausted all cases without a match\n    at /home/publico/.var/app/com.visualstudio.code/data/vscode/extensions/uqbar.wollok-lsp-ide-0.5.3/out/server/src/server.js:38:6142\n    at D2 (/home/publico/.var/app/com.visualstudio.code/data/vscode/extensions/uqbar.wollok-lsp-ide-0.5.3/out/server/src/server.js:2384:42)\n    at Qh (/home/publico/.var/app/com.visualstudio.code/data/vscode/extensions/uqbar.wollok-lsp-ide-0.5.3/out/server/src/server.js:2384:1092)\n    at k6n (/home/publico/.var/app/com.visualstudio.code/data/vscode/extensions/uqbar.wollok-lsp-ide-0.5.3/out/server/src/server.js:2384:1248)\n    at /home/publico/.var/app/com.visualstudio.code/data/vscode/extensions/uqbar.wollok-lsp-ide-0.5.3/out/server/src/server.js:38:6131\n    at D2 (/home/publico/.var/app/com.visualstudio.code/data/vscode/extensions/uqbar.wollok-lsp-ide-0.5.3/out/server/src/server.js:2384:42)\n    at /home/publico/.var/app/com.visualstudio.code/data/vscode/extensions/uqbar.wollok-lsp-ide-0.5.3/out/server/src/server.js:2384:2988\n    at /home/publico/.var/app/com.visualstudio.code/data/vscode/extensions/uqbar.wollok-lsp-ide-0.5.3/out/server/src/server.js:2393:8440\n    at /home/publico/.var/app/com.visualstudio.code/data/vscode/extensions/uqbar.wollok-lsp-ide-0.5.3/out/server/src/server.js:37:74872\n    at Ye (/home/publico/.var/app/com.visualstudio.code/data/vscode/extensions/uqbar.wollok-lsp-ide-0.5.3/out/server/src/server.js:7:8527)","timestamp":"2025-10-20T14:39:32.395Z"}
{"level":"error","message":"✘ Completions for node Send ([133:3, 133:60] - navesTest.wtest) failed: Error: [Send]{646b46} at navesTest.wtest:133 exhausted all cases without a match [Send]{646b46} at navesTest.wtest:133 exhausted all cases without a match","stack":"Error: [Send]{646b46} at navesTest.wtest:133 exhausted all cases without a match\n    at /home/publico/.var/app/com.visualstudio.code/data/vscode/extensions/uqbar.wollok-lsp-ide-0.5.3/out/server/src/server.js:38:6142\n    at D2 (/home/publico/.var/app/com.visualstudio.code/data/vscode/extensions/uqbar.wollok-lsp-ide-0.5.3/out/server/src/server.js:2384:42)\n    at Qh (/home/publico/.var/app/com.visualstudio.code/data/vscode/extensions/uqbar.wollok-lsp-ide-0.5.3/out/server/src/server.js:2384:1092)\n    at k6n (/home/publico/.var/app/com.visualstudio.code/data/vscode/extensions/uqbar.wollok-lsp-ide-0.5.3/out/server/src/server.js:2384:1248)\n    at /home/publico/.var/app/com.visualstudio.code/data/vscode/extensions/uqbar.wollok-lsp-ide-0.5.3/out/server/src/server.js:38:6131\n    at D2 (/home/publico/.var/app/com.visualstudio.code/data/vscode/extensions/uqbar.wollok-lsp-ide-0.5.3/out/server/src/server.js:2384:42)\n    at /home/publico/.var/app/com.visualstudio.code/data/vscode/extensions/uqbar.wollok-lsp-ide-0.5.3/out/server/src/server.js:2384:2988\n    at /home/publico/.var/app/com.visualstudio.code/data/vscode/extensions/uqbar.wollok-lsp-ide-0.5.3/out/server/src/server.js:2393:8440\n    at /home/publico/.var/app/com.visualstudio.code/data/vscode/extensions/uqbar.wollok-lsp-ide-0.5.3/out/server/src/server.js:37:74872\n    at Ye (/home/publico/.var/app/com.visualstudio.code/data/vscode/extensions/uqbar.wollok-lsp-ide-0.5.3/out/server/src/server.js:7:8527)","timestamp":"2025-10-20T14:39:35.078Z"}
{"level":"info","message":"⌛ Building environment","timeElapsed":128,"timestamp":"2025-10-20T14:39:35.305Z"}
{"level":"error","message":"✘ Completions for node Send ([133:3, 133:62] - navesTest.wtest) failed: Error: [Send]{b62e3d} at navesTest.wtest:133 exhausted all cases without a match [Send]{b62e3d} at navesTest.wtest:133 exhausted all cases without a match","stack":"Error: [Send]{b62e3d} at navesTest.wtest:133 exhausted all cases without a match\n    at /home/publico/.var/app/com.visualstudio.code/data/vscode/extensions/uqbar.wollok-lsp-ide-0.5.3/out/server/src/server.js:38:6142\n    at D2 (/home/publico/.var/app/com.visualstudio.code/data/vscode/extensions/uqbar.wollok-lsp-ide-0.5.3/out/server/src/server.js:2384:42)\n    at Qh (/home/publico/.var/app/com.visualstudio.code/data/vscode/extensions/uqbar.wollok-lsp-ide-0.5.3/out/server/src/server.js:2384:1092)\n    at k6n (/home/publico/.var/app/com.visualstudio.code/data/vscode/extensions/uqbar.wollok-lsp-ide-0.5.3/out/server/src/server.js:2384:1248)\n    at /home/publico/.var/app/com.visualstudio.code/data/vscode/extensions/uqbar.wollok-lsp-ide-0.5.3/out/server/src/server.js:38:6131\n    at D2 (/home/publico/.var/app/com.visualstudio.code/data/vscode/extensions/uqbar.wollok-lsp-ide-0.5.3/out/server/src/server.js:2384:42)\n    at /home/publico/.var/app/com.visualstudio.code/data/vscode/extensions/uqbar.wollok-lsp-ide-0.5.3/out/server/src/server.js:2384:2988\n    at /home/publico/.var/app/com.visualstudio.code/data/vscode/extensions/uqbar.wollok-lsp-ide-0.5.3/out/server/src/server.js:2393:8440\n    at /home/publico/.var/app/com.visualstudio.code/data/vscode/extensions/uqbar.wollok-lsp-ide-0.5.3/out/server/src/server.js:37:74872\n    at Ye (/home/publico/.var/app/com.visualstudio.code/data/vscode/extensions/uqbar.wollok-lsp-ide-0.5.3/out/server/src/server.js:7:8527)","timestamp":"2025-10-20T14:39:35.426Z"}
{"level":"info","message":"⌛ Validating navesTest.wtest","timeElapsed":125,"timestamp":"2025-10-20T14:39:35.567Z"}
{"level":"info","message":"⌛ Validating navesTest.wtest","timeElapsed":109,"timestamp":"2025-10-20T14:39:35.755Z"}
{"level":"error","message":"✘ Completions for node Send ([133:3, 133:63] - navesTest.wtest) failed: Error: [Send]{920b3e} at navesTest.wtest:133 exhausted all cases without a match [Send]{920b3e} at navesTest.wtest:133 exhausted all cases without a match","stack":"Error: [Send]{920b3e} at navesTest.wtest:133 exhausted all cases without a match\n    at /home/publico/.var/app/com.visualstudio.code/data/vscode/extensions/uqbar.wollok-lsp-ide-0.5.3/out/server/src/server.js:38:6142\n    at D2 (/home/publico/.var/app/com.visualstudio.code/data/vscode/extensions/uqbar.wollok-lsp-ide-0.5.3/out/server/src/server.js:2384:42)\n    at Qh (/home/publico/.var/app/com.visualstudio.code/data/vscode/extensions/uqbar.wollok-lsp-ide-0.5.3/out/server/src/server.js:2384:1092)\n    at k6n (/home/publico/.var/app/com.visualstudio.code/data/vscode/extensions/uqbar.wollok-lsp-ide-0.5.3/out/server/src/server.js:2384:1248)\n    at /home/publico/.var/app/com.visualstudio.code/data/vscode/extensions/uqbar.wollok-lsp-ide-0.5.3/out/server/src/server.js:38:6131\n    at D2 (/home/publico/.var/app/com.visualstudio.code/data/vscode/extensions/uqbar.wollok-lsp-ide-0.5.3/out/server/src/server.js:2384:42)\n    at /home/publico/.var/app/com.visualstudio.code/data/vscode/extensions/uqbar.wollok-lsp-ide-0.5.3/out/server/src/server.js:2384:2988\n    at /home/publico/.var/app/com.visualstudio.code/data/vscode/extensions/uqbar.wollok-lsp-ide-0.5.3/out/server/src/server.js:2393:8440\n    at /home/publico/.var/app/com.visualstudio.code/data/vscode/extensions/uqbar.wollok-lsp-ide-0.5.3/out/server/src/server.js:37:74872\n    at Ye (/home/publico/.var/app/com.visualstudio.code/data/vscode/extensions/uqbar.wollok-lsp-ide-0.5.3/out/server/src/server.js:7:8527)","timestamp":"2025-10-20T14:39:36.024Z"}
{"level":"info","message":"⌛ Building environment","timeElapsed":105,"timestamp":"2025-10-20T14:39:36.409Z"}
{"level":"error","message":"✘ Completions for node Send ([133:3, 133:65] - navesTest.wtest) failed: Error: [Send]{1d86c1} at navesTest.wtest:133 exhausted all cases without a match [Send]{1d86c1} at navesTest.wtest:133 exhausted all cases without a match","stack":"Error: [Send]{1d86c1} at navesTest.wtest:133 exhausted all cases without a match\n    at /home/publico/.var/app/com.visualstudio.code/data/vscode/extensions/uqbar.wollok-lsp-ide-0.5.3/out/server/src/server.js:38:6142\n    at D2 (/home/publico/.var/app/com.visualstudio.code/data/vscode/extensions/uqbar.wollok-lsp-ide-0.5.3/out/server/src/server.js:2384:42)\n    at Qh (/home/publico/.var/app/com.visualstudio.code/data/vscode/extensions/uqbar.wollok-lsp-ide-0.5.3/out/server/src/server.js:2384:1092)\n    at k6n (/home/publico/.var/app/com.visualstudio.code/data/vscode/extensions/uqbar.wollok-lsp-ide-0.5.3/out/server/src/server.js:2384:1248)\n    at /home/publico/.var/app/com.visualstudio.code/data/vscode/extensions/uqbar.wollok-lsp-ide-0.5.3/out/server/src/server.js:38:6131\n    at D2 (/home/publico/.var/app/com.visualstudio.code/data/vscode/extensions/uqbar.wollok-lsp-ide-0.5.3/out/server/src/server.js:2384:42)\n    at /home/publico/.var/app/com.visualstudio.code/data/vscode/extensions/uqbar.wollok-lsp-ide-0.5.3/out/server/src/server.js:2384:2988\n    at /home/publico/.var/app/com.visualstudio.code/data/vscode/extensions/uqbar.wollok-lsp-ide-0.5.3/out/server/src/server.js:2393:8440\n    at /home/publico/.var/app/com.visualstudio.code/data/vscode/extensions/uqbar.wollok-lsp-ide-0.5.3/out/server/src/server.js:37:74872\n    at Ye (/home/publico/.var/app/com.visualstudio.code/data/vscode/extensions/uqbar.wollok-lsp-ide-0.5.3/out/server/src/server.js:7:8527)","timestamp":"2025-10-20T14:39:36.430Z"}
{"level":"error","message":"✘ Completions for node Send ([133:3, 133:68] - navesTest.wtest) failed: Error: [Send]{85caf0} at navesTest.wtest:133 exhausted all cases without a match [Send]{85caf0} at navesTest.wtest:133 exhausted all cases without a match","stack":"Error: [Send]{85caf0} at navesTest.wtest:133 exhausted all cases without a match\n    at /home/publico/.var/app/com.visualstudio.code/data/vscode/extensions/uqbar.wollok-lsp-ide-0.5.3/out/server/src/server.js:38:6142\n    at D2 (/home/publico/.var/app/com.visualstudio.code/data/vscode/extensions/uqbar.wollok-lsp-ide-0.5.3/out/server/src/server.js:2384:42)\n    at Qh (/home/publico/.var/app/com.visualstudio.code/data/vscode/extensions/uqbar.wollok-lsp-ide-0.5.3/out/server/src/server.js:2384:1092)\n    at k6n (/home/publico/.var/app/com.visualstudio.code/data/vscode/extensions/uqbar.wollok-lsp-ide-0.5.3/out/server/src/server.js:2384:1248)\n    at /home/publico/.var/app/com.visualstudio.code/data/vscode/extensions/uqbar.wollok-lsp-ide-0.5.3/out/server/src/server.js:38:6131\n    at D2 (/home/publico/.var/app/com.visualstudio.code/data/vscode/extensions/uqbar.wollok-lsp-ide-0.5.3/out/server/src/server.js:2384:42)\n    at /home/publico/.var/app/com.visualstudio.code/data/vscode/extensions/uqbar.wollok-lsp-ide-0.5.3/out/server/src/server.js:2384:2988\n    at /home/publico/.var/app/com.visualstudio.code/data/vscode/extensions/uqbar.wollok-lsp-ide-0.5.3/out/server/src/server.js:2393:8440\n    at /home/publico/.var/app/com.visualstudio.code/data/vscode/extensions/uqbar.wollok-lsp-ide-0.5.3/out/server/src/server.js:37:74872\n    at Ye (/home/publico/.var/app/com.visualstudio.code/data/vscode/extensions/uqbar.wollok-lsp-ide-0.5.3/out/server/src/server.js:7:8527)","timestamp":"2025-10-20T14:39:36.799Z"}
{"level":"info","message":"⌛ Building environment","timeElapsed":102,"timestamp":"2025-10-20T14:39:37.435Z"}
{"level":"info","message":"⌛ Building environment","timeElapsed":126,"timestamp":"2025-10-20T14:40:40.866Z"}
{"level":"info","message":"⌛ Validating navesTest.wtest","timeElapsed":113,"timestamp":"2025-10-20T14:40:41.463Z"}
{"level":"info","message":"⌛ Validating navesTest.wtest","timeElapsed":124,"timestamp":"2025-10-20T14:40:46.561Z"}
{"level":"error","message":"✘ Completions for node Send ([138:3, 138:26] - navesTest.wtest) failed: Error: [Send]{8b93d8} at navesTest.wtest:138 exhausted all cases without a match [Send]{8b93d8} at navesTest.wtest:138 exhausted all cases without a match","stack":"Error: [Send]{8b93d8} at navesTest.wtest:138 exhausted all cases without a match\n    at /home/publico/.var/app/com.visualstudio.code/data/vscode/extensions/uqbar.wollok-lsp-ide-0.5.3/out/server/src/server.js:38:6142\n    at D2 (/home/publico/.var/app/com.visualstudio.code/data/vscode/extensions/uqbar.wollok-lsp-ide-0.5.3/out/server/src/server.js:2384:42)\n    at Qh (/home/publico/.var/app/com.visualstudio.code/data/vscode/extensions/uqbar.wollok-lsp-ide-0.5.3/out/server/src/server.js:2384:1092)\n    at k6n (/home/publico/.var/app/com.visualstudio.code/data/vscode/extensions/uqbar.wollok-lsp-ide-0.5.3/out/server/src/server.js:2384:1248)\n    at /home/publico/.var/app/com.visualstudio.code/data/vscode/extensions/uqbar.wollok-lsp-ide-0.5.3/out/server/src/server.js:38:6131\n    at D2 (/home/publico/.var/app/com.visualstudio.code/data/vscode/extensions/uqbar.wollok-lsp-ide-0.5.3/out/server/src/server.js:2384:42)\n    at /home/publico/.var/app/com.visualstudio.code/data/vscode/extensions/uqbar.wollok-lsp-ide-0.5.3/out/server/src/server.js:2384:2988\n    at /home/publico/.var/app/com.visualstudio.code/data/vscode/extensions/uqbar.wollok-lsp-ide-0.5.3/out/server/src/server.js:2393:8440\n    at /home/publico/.var/app/com.visualstudio.code/data/vscode/extensions/uqbar.wollok-lsp-ide-0.5.3/out/server/src/server.js:37:74872\n    at Ye (/home/publico/.var/app/com.visualstudio.code/data/vscode/extensions/uqbar.wollok-lsp-ide-0.5.3/out/server/src/server.js:7:8527)","timestamp":"2025-10-20T14:40:48.795Z"}
{"level":"error","message":"✘ Completions for node Send ([138:3, 138:46] - navesTest.wtest) failed: Error: [Send]{16d027} at navesTest.wtest:138 exhausted all cases without a match [Send]{16d027} at navesTest.wtest:138 exhausted all cases without a match","stack":"Error: [Send]{16d027} at navesTest.wtest:138 exhausted all cases without a match\n    at /home/publico/.var/app/com.visualstudio.code/data/vscode/extensions/uqbar.wollok-lsp-ide-0.5.3/out/server/src/server.js:38:6142\n    at D2 (/home/publico/.var/app/com.visualstudio.code/data/vscode/extensions/uqbar.wollok-lsp-ide-0.5.3/out/server/src/server.js:2384:42)\n    at Qh (/home/publico/.var/app/com.visualstudio.code/data/vscode/extensions/uqbar.wollok-lsp-ide-0.5.3/out/server/src/server.js:2384:1092)\n    at k6n (/home/publico/.var/app/com.visualstudio.code/data/vscode/extensions/uqbar.wollok-lsp-ide-0.5.3/out/server/src/server.js:2384:1248)\n    at /home/publico/.var/app/com.visualstudio.code/data/vscode/extensions/uqbar.wollok-lsp-ide-0.5.3/out/server/src/server.js:38:6131\n    at D2 (/home/publico/.var/app/com.visualstudio.code/data/vscode/extensions/uqbar.wollok-lsp-ide-0.5.3/out/server/src/server.js:2384:42)\n    at /home/publico/.var/app/com.visualstudio.code/data/vscode/extensions/uqbar.wollok-lsp-ide-0.5.3/out/server/src/server.js:2384:2988\n    at /home/publico/.var/app/com.visualstudio.code/data/vscode/extensions/uqbar.wollok-lsp-ide-0.5.3/out/server/src/server.js:2393:8440\n    at /home/publico/.var/app/com.visualstudio.code/data/vscode/extensions/uqbar.wollok-lsp-ide-0.5.3/out/server/src/server.js:37:74872\n    at Ye (/home/publico/.var/app/com.visualstudio.code/data/vscode/extensions/uqbar.wollok-lsp-ide-0.5.3/out/server/src/server.js:7:8527)","timestamp":"2025-10-20T14:40:51.136Z"}
{"level":"info","message":"⌛ Building environment","timeElapsed":116,"timestamp":"2025-10-20T14:40:51.458Z"}
{"level":"info","message":"⌛ Validating navesTest.wtest","timeElapsed":128,"timestamp":"2025-10-20T14:40:51.588Z"}
{"level":"info","message":"⌛ Building environment","timeElapsed":123,"timestamp":"2025-10-20T14:40:51.712Z"}
{"level":"error","message":"✘ Completions for node Send ([138:3, 138:50] - navesTest.wtest) failed: Error: [Send]{5e3db4} at navesTest.wtest:138 exhausted all cases without a match [Send]{5e3db4} at navesTest.wtest:138 exhausted all cases without a match","stack":"Error: [Send]{5e3db4} at navesTest.wtest:138 exhausted all cases without a match\n    at /home/publico/.var/app/com.visualstudio.code/data/vscode/extensions/uqbar.wollok-lsp-ide-0.5.3/out/server/src/server.js:38:6142\n    at D2 (/home/publico/.var/app/com.visualstudio.code/data/vscode/extensions/uqbar.wollok-lsp-ide-0.5.3/out/server/src/server.js:2384:42)\n    at Qh (/home/publico/.var/app/com.visualstudio.code/data/vscode/extensions/uqbar.wollok-lsp-ide-0.5.3/out/server/src/server.js:2384:1092)\n    at k6n (/home/publico/.var/app/com.visualstudio.code/data/vscode/extensions/uqbar.wollok-lsp-ide-0.5.3/out/server/src/server.js:2384:1248)\n    at /home/publico/.var/app/com.visualstudio.code/data/vscode/extensions/uqbar.wollok-lsp-ide-0.5.3/out/server/src/server.js:38:6131\n    at D2 (/home/publico/.var/app/com.visualstudio.code/data/vscode/extensions/uqbar.wollok-lsp-ide-0.5.3/out/server/src/server.js:2384:42)\n    at /home/publico/.var/app/com.visualstudio.code/data/vscode/extensions/uqbar.wollok-lsp-ide-0.5.3/out/server/src/server.js:2384:2988\n    at /home/publico/.var/app/com.visualstudio.code/data/vscode/extensions/uqbar.wollok-lsp-ide-0.5.3/out/server/src/server.js:2393:8440\n    at /home/publico/.var/app/com.visualstudio.code/data/vscode/extensions/uqbar.wollok-lsp-ide-0.5.3/out/server/src/server.js:37:74872\n    at Ye (/home/publico/.var/app/com.visualstudio.code/data/vscode/extensions/uqbar.wollok-lsp-ide-0.5.3/out/server/src/server.js:7:8527)","timestamp":"2025-10-20T14:40:51.841Z"}
{"level":"info","message":"⌛ Building environment","timeElapsed":123,"timestamp":"2025-10-20T14:40:52.304Z"}
{"level":"info","message":"⌛ Validating navesTest.wtest","timeElapsed":103,"timestamp":"2025-10-20T14:40:54.655Z"}
{"level":"info","message":"⌛ Building environment","timeElapsed":124,"timestamp":"2025-10-20T14:40:55.620Z"}
{"level":"info","message":"⌛ Validating navesTest.wtest","timeElapsed":107,"timestamp":"2025-10-20T14:41:03.142Z"}
{"level":"info","message":"⌛ Building environment","timeElapsed":111,"timestamp":"2025-10-20T14:41:03.527Z"}
{"level":"info","message":"⌛ Building environment","timeElapsed":120,"timestamp":"2025-10-20T14:41:03.730Z"}
{"level":"info","message":"⌛ Validating navesTest.wtest","timeElapsed":107,"timestamp":"2025-10-20T14:41:06.045Z"}
{"level":"info","message":"⌛ Validating navesTest.wtest","timeElapsed":109,"timestamp":"2025-10-20T14:41:06.356Z"}
{"level":"info","message":"⌛ Building environment","timeElapsed":104,"timestamp":"2025-10-20T14:41:06.463Z"}
{"level":"info","message":"⌛ Validating navesTest.wtest","timeElapsed":102,"timestamp":"2025-10-20T14:41:06.567Z"}
{"level":"info","message":"⌛ Building environment","timeElapsed":139,"timestamp":"2025-10-20T14:41:07.083Z"}
{"level":"error","message":"✘ Completions for node Send ([139:3, 139:41] - navesTest.wtest) failed: Error: [Send]{e76435} at navesTest.wtest:139 exhausted all cases without a match [Send]{e76435} at navesTest.wtest:139 exhausted all cases without a match","stack":"Error: [Send]{e76435} at navesTest.wtest:139 exhausted all cases without a match\n    at /home/publico/.var/app/com.visualstudio.code/data/vscode/extensions/uqbar.wollok-lsp-ide-0.5.3/out/server/src/server.js:38:6142\n    at D2 (/home/publico/.var/app/com.visualstudio.code/data/vscode/extensions/uqbar.wollok-lsp-ide-0.5.3/out/server/src/server.js:2384:42)\n    at Qh (/home/publico/.var/app/com.visualstudio.code/data/vscode/extensions/uqbar.wollok-lsp-ide-0.5.3/out/server/src/server.js:2384:1092)\n    at k6n (/home/publico/.var/app/com.visualstudio.code/data/vscode/extensions/uqbar.wollok-lsp-ide-0.5.3/out/server/src/server.js:2384:1248)\n    at /home/publico/.var/app/com.visualstudio.code/data/vscode/extensions/uqbar.wollok-lsp-ide-0.5.3/out/server/src/server.js:38:6131\n    at D2 (/home/publico/.var/app/com.visualstudio.code/data/vscode/extensions/uqbar.wollok-lsp-ide-0.5.3/out/server/src/server.js:2384:42)\n    at /home/publico/.var/app/com.visualstudio.code/data/vscode/extensions/uqbar.wollok-lsp-ide-0.5.3/out/server/src/server.js:2384:2988\n    at /home/publico/.var/app/com.visualstudio.code/data/vscode/extensions/uqbar.wollok-lsp-ide-0.5.3/out/server/src/server.js:2393:8440\n    at /home/publico/.var/app/com.visualstudio.code/data/vscode/extensions/uqbar.wollok-lsp-ide-0.5.3/out/server/src/server.js:37:74872\n    at Ye (/home/publico/.var/app/com.visualstudio.code/data/vscode/extensions/uqbar.wollok-lsp-ide-0.5.3/out/server/src/server.js:7:8527)","timestamp":"2025-10-20T14:41:09.318Z"}
{"level":"info","message":"⌛ Building environment","timeElapsed":123,"timestamp":"2025-10-20T14:41:09.787Z"}
{"level":"error","message":"✘ Completions for node Send ([139:3, 139:41] - navesTest.wtest) failed: Error: [Send]{f9c467} at navesTest.wtest:139 exhausted all cases without a match [Send]{f9c467} at navesTest.wtest:139 exhausted all cases without a match","stack":"Error: [Send]{f9c467} at navesTest.wtest:139 exhausted all cases without a match\n    at /home/publico/.var/app/com.visualstudio.code/data/vscode/extensions/uqbar.wollok-lsp-ide-0.5.3/out/server/src/server.js:38:6142\n    at D2 (/home/publico/.var/app/com.visualstudio.code/data/vscode/extensions/uqbar.wollok-lsp-ide-0.5.3/out/server/src/server.js:2384:42)\n    at Qh (/home/publico/.var/app/com.visualstudio.code/data/vscode/extensions/uqbar.wollok-lsp-ide-0.5.3/out/server/src/server.js:2384:1092)\n    at k6n (/home/publico/.var/app/com.visualstudio.code/data/vscode/extensions/uqbar.wollok-lsp-ide-0.5.3/out/server/src/server.js:2384:1248)\n    at /home/publico/.var/app/com.visualstudio.code/data/vscode/extensions/uqbar.wollok-lsp-ide-0.5.3/out/server/src/server.js:38:6131\n    at D2 (/home/publico/.var/app/com.visualstudio.code/data/vscode/extensions/uqbar.wollok-lsp-ide-0.5.3/out/server/src/server.js:2384:42)\n    at /home/publico/.var/app/com.visualstudio.code/data/vscode/extensions/uqbar.wollok-lsp-ide-0.5.3/out/server/src/server.js:2384:2988\n    at /home/publico/.var/app/com.visualstudio.code/data/vscode/extensions/uqbar.wollok-lsp-ide-0.5.3/out/server/src/server.js:2393:8440\n    at /home/publico/.var/app/com.visualstudio.code/data/vscode/extensions/uqbar.wollok-lsp-ide-0.5.3/out/server/src/server.js:37:74872\n    at Ye (/home/publico/.var/app/com.visualstudio.code/data/vscode/extensions/uqbar.wollok-lsp-ide-0.5.3/out/server/src/server.js:7:8527)","timestamp":"2025-10-20T14:41:12.130Z"}
{"level":"error","message":"✘ Completions for node Send ([139:3, 139:62] - navesTest.wtest) failed: Error: [Send]{2a202c} at navesTest.wtest:139 exhausted all cases without a match [Send]{2a202c} at navesTest.wtest:139 exhausted all cases without a match","stack":"Error: [Send]{2a202c} at navesTest.wtest:139 exhausted all cases without a match\n    at /home/publico/.var/app/com.visualstudio.code/data/vscode/extensions/uqbar.wollok-lsp-ide-0.5.3/out/server/src/server.js:38:6142\n    at D2 (/home/publico/.var/app/com.visualstudio.code/data/vscode/extensions/uqbar.wollok-lsp-ide-0.5.3/out/server/src/server.js:2384:42)\n    at Qh (/home/publico/.var/app/com.visualstudio.code/data/vscode/extensions/uqbar.wollok-lsp-ide-0.5.3/out/server/src/server.js:2384:1092)\n    at k6n (/home/publico/.var/app/com.visualstudio.code/data/vscode/extensions/uqbar.wollok-lsp-ide-0.5.3/out/server/src/server.js:2384:1248)\n    at /home/publico/.var/app/com.visualstudio.code/data/vscode/extensions/uqbar.wollok-lsp-ide-0.5.3/out/server/src/server.js:38:6131\n    at D2 (/home/publico/.var/app/com.visualstudio.code/data/vscode/extensions/uqbar.wollok-lsp-ide-0.5.3/out/server/src/server.js:2384:42)\n    at /home/publico/.var/app/com.visualstudio.code/data/vscode/extensions/uqbar.wollok-lsp-ide-0.5.3/out/server/src/server.js:2384:2988\n    at /home/publico/.var/app/com.visualstudio.code/data/vscode/extensions/uqbar.wollok-lsp-ide-0.5.3/out/server/src/server.js:2393:8440\n    at /home/publico/.var/app/com.visualstudio.code/data/vscode/extensions/uqbar.wollok-lsp-ide-0.5.3/out/server/src/server.js:37:74872\n    at Ye (/home/publico/.var/app/com.visualstudio.code/data/vscode/extensions/uqbar.wollok-lsp-ide-0.5.3/out/server/src/server.js:7:8527)","timestamp":"2025-10-20T14:41:14.640Z"}
{"level":"info","message":"⌛ Validating navesTest.wtest","timeElapsed":102,"timestamp":"2025-10-20T14:41:14.922Z"}
{"level":"error","message":"✘ Completions for node Send ([139:3, 139:64] - navesTest.wtest) failed: Error: [Send]{92e4ed} at navesTest.wtest:139 exhausted all cases without a match [Send]{92e4ed} at navesTest.wtest:139 exhausted all cases without a match","stack":"Error: [Send]{92e4ed} at navesTest.wtest:139 exhausted all cases without a match\n    at /home/publico/.var/app/com.visualstudio.code/data/vscode/extensions/uqbar.wollok-lsp-ide-0.5.3/out/server/src/server.js:38:6142\n    at D2 (/home/publico/.var/app/com.visualstudio.code/data/vscode/extensions/uqbar.wollok-lsp-ide-0.5.3/out/server/src/server.js:2384:42)\n    at Qh (/home/publico/.var/app/com.visualstudio.code/data/vscode/extensions/uqbar.wollok-lsp-ide-0.5.3/out/server/src/server.js:2384:1092)\n    at k6n (/home/publico/.var/app/com.visualstudio.code/data/vscode/extensions/uqbar.wollok-lsp-ide-0.5.3/out/server/src/server.js:2384:1248)\n    at /home/publico/.var/app/com.visualstudio.code/data/vscode/extensions/uqbar.wollok-lsp-ide-0.5.3/out/server/src/server.js:38:6131\n    at D2 (/home/publico/.var/app/com.visualstudio.code/data/vscode/extensions/uqbar.wollok-lsp-ide-0.5.3/out/server/src/server.js:2384:42)\n    at /home/publico/.var/app/com.visualstudio.code/data/vscode/extensions/uqbar.wollok-lsp-ide-0.5.3/out/server/src/server.js:2384:2988\n    at /home/publico/.var/app/com.visualstudio.code/data/vscode/extensions/uqbar.wollok-lsp-ide-0.5.3/out/server/src/server.js:2393:8440\n    at /home/publico/.var/app/com.visualstudio.code/data/vscode/extensions/uqbar.wollok-lsp-ide-0.5.3/out/server/src/server.js:37:74872\n    at Ye (/home/publico/.var/app/com.visualstudio.code/data/vscode/extensions/uqbar.wollok-lsp-ide-0.5.3/out/server/src/server.js:7:8527)","timestamp":"2025-10-20T14:41:15.033Z"}
{"level":"info","message":"⌛ Validating navesTest.wtest","timeElapsed":110,"timestamp":"2025-10-20T14:41:15.240Z"}
{"level":"error","message":"✘ Completions for node Send ([139:3, 139:66] - navesTest.wtest) failed: Error: [Send]{658f81} at navesTest.wtest:139 exhausted all cases without a match [Send]{658f81} at navesTest.wtest:139 exhausted all cases without a match","stack":"Error: [Send]{658f81} at navesTest.wtest:139 exhausted all cases without a match\n    at /home/publico/.var/app/com.visualstudio.code/data/vscode/extensions/uqbar.wollok-lsp-ide-0.5.3/out/server/src/server.js:38:6142\n    at D2 (/home/publico/.var/app/com.visualstudio.code/data/vscode/extensions/uqbar.wollok-lsp-ide-0.5.3/out/server/src/server.js:2384:42)\n    at Qh (/home/publico/.var/app/com.visualstudio.code/data/vscode/extensions/uqbar.wollok-lsp-ide-0.5.3/out/server/src/server.js:2384:1092)\n    at k6n (/home/publico/.var/app/com.visualstudio.code/data/vscode/extensions/uqbar.wollok-lsp-ide-0.5.3/out/server/src/server.js:2384:1248)\n    at /home/publico/.var/app/com.visualstudio.code/data/vscode/extensions/uqbar.wollok-lsp-ide-0.5.3/out/server/src/server.js:38:6131\n    at D2 (/home/publico/.var/app/com.visualstudio.code/data/vscode/extensions/uqbar.wollok-lsp-ide-0.5.3/out/server/src/server.js:2384:42)\n    at /home/publico/.var/app/com.visualstudio.code/data/vscode/extensions/uqbar.wollok-lsp-ide-0.5.3/out/server/src/server.js:2384:2988\n    at /home/publico/.var/app/com.visualstudio.code/data/vscode/extensions/uqbar.wollok-lsp-ide-0.5.3/out/server/src/server.js:2393:8440\n    at /home/publico/.var/app/com.visualstudio.code/data/vscode/extensions/uqbar.wollok-lsp-ide-0.5.3/out/server/src/server.js:37:74872\n    at Ye (/home/publico/.var/app/com.visualstudio.code/data/vscode/extensions/uqbar.wollok-lsp-ide-0.5.3/out/server/src/server.js:7:8527)","timestamp":"2025-10-20T14:41:15.337Z"}
{"level":"error","message":"✘ Completions for node Send ([139:3, 139:67] - navesTest.wtest) failed: Error: [Send]{a337fe} at navesTest.wtest:139 exhausted all cases without a match [Send]{a337fe} at navesTest.wtest:139 exhausted all cases without a match","stack":"Error: [Send]{a337fe} at navesTest.wtest:139 exhausted all cases without a match\n    at /home/publico/.var/app/com.visualstudio.code/data/vscode/extensions/uqbar.wollok-lsp-ide-0.5.3/out/server/src/server.js:38:6142\n    at D2 (/home/publico/.var/app/com.visualstudio.code/data/vscode/extensions/uqbar.wollok-lsp-ide-0.5.3/out/server/src/server.js:2384:42)\n    at Qh (/home/publico/.var/app/com.visualstudio.code/data/vscode/extensions/uqbar.wollok-lsp-ide-0.5.3/out/server/src/server.js:2384:1092)\n    at k6n (/home/publico/.var/app/com.visualstudio.code/data/vscode/extensions/uqbar.wollok-lsp-ide-0.5.3/out/server/src/server.js:2384:1248)\n    at /home/publico/.var/app/com.visualstudio.code/data/vscode/extensions/uqbar.wollok-lsp-ide-0.5.3/out/server/src/server.js:38:6131\n    at D2 (/home/publico/.var/app/com.visualstudio.code/data/vscode/extensions/uqbar.wollok-lsp-ide-0.5.3/out/server/src/server.js:2384:42)\n    at /home/publico/.var/app/com.visualstudio.code/data/vscode/extensions/uqbar.wollok-lsp-ide-0.5.3/out/server/src/server.js:2384:2988\n    at /home/publico/.var/app/com.visualstudio.code/data/vscode/extensions/uqbar.wollok-lsp-ide-0.5.3/out/server/src/server.js:2393:8440\n    at /home/publico/.var/app/com.visualstudio.code/data/vscode/extensions/uqbar.wollok-lsp-ide-0.5.3/out/server/src/server.js:37:74872\n    at Ye (/home/publico/.var/app/com.visualstudio.code/data/vscode/extensions/uqbar.wollok-lsp-ide-0.5.3/out/server/src/server.js:7:8527)","timestamp":"2025-10-20T14:41:15.637Z"}
{"level":"error","message":"✘ Completions for node Send ([139:3, 139:68] - navesTest.wtest) failed: Error: [Send]{fa8226} at navesTest.wtest:139 exhausted all cases without a match [Send]{fa8226} at navesTest.wtest:139 exhausted all cases without a match","stack":"Error: [Send]{fa8226} at navesTest.wtest:139 exhausted all cases without a match\n    at /home/publico/.var/app/com.visualstudio.code/data/vscode/extensions/uqbar.wollok-lsp-ide-0.5.3/out/server/src/server.js:38:6142\n    at D2 (/home/publico/.var/app/com.visualstudio.code/data/vscode/extensions/uqbar.wollok-lsp-ide-0.5.3/out/server/src/server.js:2384:42)\n    at Qh (/home/publico/.var/app/com.visualstudio.code/data/vscode/extensions/uqbar.wollok-lsp-ide-0.5.3/out/server/src/server.js:2384:1092)\n    at k6n (/home/publico/.var/app/com.visualstudio.code/data/vscode/extensions/uqbar.wollok-lsp-ide-0.5.3/out/server/src/server.js:2384:1248)\n    at /home/publico/.var/app/com.visualstudio.code/data/vscode/extensions/uqbar.wollok-lsp-ide-0.5.3/out/server/src/server.js:38:6131\n    at D2 (/home/publico/.var/app/com.visualstudio.code/data/vscode/extensions/uqbar.wollok-lsp-ide-0.5.3/out/server/src/server.js:2384:42)\n    at /home/publico/.var/app/com.visualstudio.code/data/vscode/extensions/uqbar.wollok-lsp-ide-0.5.3/out/server/src/server.js:2384:2988\n    at /home/publico/.var/app/com.visualstudio.code/data/vscode/extensions/uqbar.wollok-lsp-ide-0.5.3/out/server/src/server.js:2393:8440\n    at /home/publico/.var/app/com.visualstudio.code/data/vscode/extensions/uqbar.wollok-lsp-ide-0.5.3/out/server/src/server.js:37:74872\n    at Ye (/home/publico/.var/app/com.visualstudio.code/data/vscode/extensions/uqbar.wollok-lsp-ide-0.5.3/out/server/src/server.js:7:8527)","timestamp":"2025-10-20T14:41:15.829Z"}
{"level":"error","message":"✘ Completions for node Send ([139:3, 139:70] - navesTest.wtest) failed: Error: [Send]{a6dc3d} at navesTest.wtest:139 exhausted all cases without a match [Send]{a6dc3d} at navesTest.wtest:139 exhausted all cases without a match","stack":"Error: [Send]{a6dc3d} at navesTest.wtest:139 exhausted all cases without a match\n    at /home/publico/.var/app/com.visualstudio.code/data/vscode/extensions/uqbar.wollok-lsp-ide-0.5.3/out/server/src/server.js:38:6142\n    at D2 (/home/publico/.var/app/com.visualstudio.code/data/vscode/extensions/uqbar.wollok-lsp-ide-0.5.3/out/server/src/server.js:2384:42)\n    at Qh (/home/publico/.var/app/com.visualstudio.code/data/vscode/extensions/uqbar.wollok-lsp-ide-0.5.3/out/server/src/server.js:2384:1092)\n    at k6n (/home/publico/.var/app/com.visualstudio.code/data/vscode/extensions/uqbar.wollok-lsp-ide-0.5.3/out/server/src/server.js:2384:1248)\n    at /home/publico/.var/app/com.visualstudio.code/data/vscode/extensions/uqbar.wollok-lsp-ide-0.5.3/out/server/src/server.js:38:6131\n    at D2 (/home/publico/.var/app/com.visualstudio.code/data/vscode/extensions/uqbar.wollok-lsp-ide-0.5.3/out/server/src/server.js:2384:42)\n    at /home/publico/.var/app/com.visualstudio.code/data/vscode/extensions/uqbar.wollok-lsp-ide-0.5.3/out/server/src/server.js:2384:2988\n    at /home/publico/.var/app/com.visualstudio.code/data/vscode/extensions/uqbar.wollok-lsp-ide-0.5.3/out/server/src/server.js:2393:8440\n    at /home/publico/.var/app/com.visualstudio.code/data/vscode/extensions/uqbar.wollok-lsp-ide-0.5.3/out/server/src/server.js:37:74872\n    at Ye (/home/publico/.var/app/com.visualstudio.code/data/vscode/extensions/uqbar.wollok-lsp-ide-0.5.3/out/server/src/server.js:7:8527)","timestamp":"2025-10-20T14:41:16.101Z"}
{"level":"error","message":"✘ Completions for node Send ([139:3, 139:72] - navesTest.wtest) failed: Error: [Send]{479630} at navesTest.wtest:139 exhausted all cases without a match [Send]{479630} at navesTest.wtest:139 exhausted all cases without a match","stack":"Error: [Send]{479630} at navesTest.wtest:139 exhausted all cases without a match\n    at /home/publico/.var/app/com.visualstudio.code/data/vscode/extensions/uqbar.wollok-lsp-ide-0.5.3/out/server/src/server.js:38:6142\n    at D2 (/home/publico/.var/app/com.visualstudio.code/data/vscode/extensions/uqbar.wollok-lsp-ide-0.5.3/out/server/src/server.js:2384:42)\n    at Qh (/home/publico/.var/app/com.visualstudio.code/data/vscode/extensions/uqbar.wollok-lsp-ide-0.5.3/out/server/src/server.js:2384:1092)\n    at k6n (/home/publico/.var/app/com.visualstudio.code/data/vscode/extensions/uqbar.wollok-lsp-ide-0.5.3/out/server/src/server.js:2384:1248)\n    at /home/publico/.var/app/com.visualstudio.code/data/vscode/extensions/uqbar.wollok-lsp-ide-0.5.3/out/server/src/server.js:38:6131\n    at D2 (/home/publico/.var/app/com.visualstudio.code/data/vscode/extensions/uqbar.wollok-lsp-ide-0.5.3/out/server/src/server.js:2384:42)\n    at /home/publico/.var/app/com.visualstudio.code/data/vscode/extensions/uqbar.wollok-lsp-ide-0.5.3/out/server/src/server.js:2384:2988\n    at /home/publico/.var/app/com.visualstudio.code/data/vscode/extensions/uqbar.wollok-lsp-ide-0.5.3/out/server/src/server.js:2393:8440\n    at /home/publico/.var/app/com.visualstudio.code/data/vscode/extensions/uqbar.wollok-lsp-ide-0.5.3/out/server/src/server.js:37:74872\n    at Ye (/home/publico/.var/app/com.visualstudio.code/data/vscode/extensions/uqbar.wollok-lsp-ide-0.5.3/out/server/src/server.js:7:8527)","timestamp":"2025-10-20T14:41:16.416Z"}
{"level":"info","message":"⌛ Building environment","timeElapsed":107,"timestamp":"2025-10-20T14:41:16.732Z"}
{"level":"info","message":"⌛ Building environment","timeElapsed":125,"timestamp":"2025-10-20T14:41:19.348Z"}
{"level":"error","message":"✘ Completions for node Send ([140:3, 140:31] - navesTest.wtest) failed: Error: [Send]{6b1784} at navesTest.wtest:140 exhausted all cases without a match [Send]{6b1784} at navesTest.wtest:140 exhausted all cases without a match","stack":"Error: [Send]{6b1784} at navesTest.wtest:140 exhausted all cases without a match\n    at /home/publico/.var/app/com.visualstudio.code/data/vscode/extensions/uqbar.wollok-lsp-ide-0.5.3/out/server/src/server.js:38:6142\n    at D2 (/home/publico/.var/app/com.visualstudio.code/data/vscode/extensions/uqbar.wollok-lsp-ide-0.5.3/out/server/src/server.js:2384:42)\n    at Qh (/home/publico/.var/app/com.visualstudio.code/data/vscode/extensions/uqbar.wollok-lsp-ide-0.5.3/out/server/src/server.js:2384:1092)\n    at k6n (/home/publico/.var/app/com.visualstudio.code/data/vscode/extensions/uqbar.wollok-lsp-ide-0.5.3/out/server/src/server.js:2384:1248)\n    at /home/publico/.var/app/com.visualstudio.code/data/vscode/extensions/uqbar.wollok-lsp-ide-0.5.3/out/server/src/server.js:38:6131\n    at D2 (/home/publico/.var/app/com.visualstudio.code/data/vscode/extensions/uqbar.wollok-lsp-ide-0.5.3/out/server/src/server.js:2384:42)\n    at /home/publico/.var/app/com.visualstudio.code/data/vscode/extensions/uqbar.wollok-lsp-ide-0.5.3/out/server/src/server.js:2384:2988\n    at /home/publico/.var/app/com.visualstudio.code/data/vscode/extensions/uqbar.wollok-lsp-ide-0.5.3/out/server/src/server.js:2393:8440\n    at /home/publico/.var/app/com.visualstudio.code/data/vscode/extensions/uqbar.wollok-lsp-ide-0.5.3/out/server/src/server.js:37:74872\n    at Ye (/home/publico/.var/app/com.visualstudio.code/data/vscode/extensions/uqbar.wollok-lsp-ide-0.5.3/out/server/src/server.js:7:8527)","timestamp":"2025-10-20T14:41:25.907Z"}
{"level":"info","message":"⌛ Building environment","timeElapsed":131,"timestamp":"2025-10-20T14:41:26.130Z"}
{"level":"info","message":"⌛ Validating navesTest.wtest","timeElapsed":105,"timestamp":"2025-10-20T14:41:26.440Z"}
{"level":"info","message":"⌛ Validating navesTest.wtest","timeElapsed":102,"timestamp":"2025-10-20T14:41:26.545Z"}
{"level":"error","message":"✘ Completions for node Send ([140:3, 140:27] - navesTest.wtest) failed: Error: [Send]{369f31} at navesTest.wtest:140 exhausted all cases without a match [Send]{369f31} at navesTest.wtest:140 exhausted all cases without a match","stack":"Error: [Send]{369f31} at navesTest.wtest:140 exhausted all cases without a match\n    at /home/publico/.var/app/com.visualstudio.code/data/vscode/extensions/uqbar.wollok-lsp-ide-0.5.3/out/server/src/server.js:38:6142\n    at D2 (/home/publico/.var/app/com.visualstudio.code/data/vscode/extensions/uqbar.wollok-lsp-ide-0.5.3/out/server/src/server.js:2384:42)\n    at Qh (/home/publico/.var/app/com.visualstudio.code/data/vscode/extensions/uqbar.wollok-lsp-ide-0.5.3/out/server/src/server.js:2384:1092)\n    at k6n (/home/publico/.var/app/com.visualstudio.code/data/vscode/extensions/uqbar.wollok-lsp-ide-0.5.3/out/server/src/server.js:2384:1248)\n    at /home/publico/.var/app/com.visualstudio.code/data/vscode/extensions/uqbar.wollok-lsp-ide-0.5.3/out/server/src/server.js:38:6131\n    at D2 (/home/publico/.var/app/com.visualstudio.code/data/vscode/extensions/uqbar.wollok-lsp-ide-0.5.3/out/server/src/server.js:2384:42)\n    at /home/publico/.var/app/com.visualstudio.code/data/vscode/extensions/uqbar.wollok-lsp-ide-0.5.3/out/server/src/server.js:2384:2988\n    at /home/publico/.var/app/com.visualstudio.code/data/vscode/extensions/uqbar.wollok-lsp-ide-0.5.3/out/server/src/server.js:2393:8440\n    at /home/publico/.var/app/com.visualstudio.code/data/vscode/extensions/uqbar.wollok-lsp-ide-0.5.3/out/server/src/server.js:37:74872\n    at Ye (/home/publico/.var/app/com.visualstudio.code/data/vscode/extensions/uqbar.wollok-lsp-ide-0.5.3/out/server/src/server.js:7:8527)","timestamp":"2025-10-20T14:41:28.752Z"}
{"level":"info","message":"⌛ Building environment","timeElapsed":118,"timestamp":"2025-10-20T14:41:28.873Z"}
{"level":"info","message":"⌛ Building environment","timeElapsed":136,"timestamp":"2025-10-20T14:41:29.287Z"}
{"level":"info","message":"⌛ Validating navesTest.wtest","timeElapsed":102,"timestamp":"2025-10-20T14:41:29.390Z"}
{"level":"info","message":"⌛ Validating navesTest.wtest","timeElapsed":105,"timestamp":"2025-10-20T14:41:30.461Z"}
{"level":"info","message":"⌛ Building environment","timeElapsed":106,"timestamp":"2025-10-20T14:41:30.574Z"}
{"level":"info","message":"⌛ Building environment","timeElapsed":138,"timestamp":"2025-10-20T14:41:30.887Z"}
{"level":"info","message":"🧪 Test runner executed on /home/publico/Documentos/Programación con Objetos I/naves-espaciales-tachylab","result":{"errored":0,"failed":1,"ok":0},"testsFailed":[{"error":["wollok.lib.AssertionException: Expected <\"Volviendo a base\"> but found <\"Volviendo a la base\">","  at navesTest.\"Prepararse para viajar\".\"Prepararse para viajar - Nave de Combate en Ataque\" [navesTest.wtest:133]"],"test":"navesTest.\"Prepararse para viajar\".\"Prepararse para viajar - Nave de Combate en Ataque\""}],"timeElapsed":312,"timestamp":"2025-10-20T14:41:36.027Z"}
{"level":"info","message":"⌛ Building environment","timeElapsed":137,"timestamp":"2025-10-20T14:41:43.776Z"}
{"level":"info","message":"⌛ Validating navesTest.wtest","timeElapsed":101,"timestamp":"2025-10-20T14:41:43.878Z"}
{"level":"info","message":"🧪 Test runner executed on /home/publico/Documentos/Programación con Objetos I/naves-espaciales-tachylab","result":{"errored":0,"failed":0,"ok":1},"testsFailed":[],"timeElapsed":306,"timestamp":"2025-10-20T14:41:46.453Z"}
{"level":"info","message":"🧪 Test runner executed on /home/publico/Documentos/Programación con Objetos I/naves-espaciales-tachylab","result":{"errored":0,"failed":0,"ok":1},"testsFailed":[],"timeElapsed":277,"timestamp":"2025-10-20T14:41:49.474Z"}
{"level":"info","message":"🧪 Test runner executed on /home/publico/Documentos/Programación con Objetos I/naves-espaciales-tachylab","result":{"errored":1,"failed":0,"ok":21},"testsFailed":[{"error":["wollok.lang.MessageNotUnderstoodException: a NaveDeCombate does not understand velocidad(arg 0)","  at navesTest.\"Nave de combate\".\"no esta invisible en ataque\" [navesTest.wtest:73]"],"test":"navesTest.\"Nave de combate\".\"no esta invisible en ataque\""}],"timeElapsed":388,"timestamp":"2025-10-20T14:42:01.928Z"}
{"level":"info","message":"⌛ Validating naves.wlk","timeElapsed":102,"timestamp":"2025-10-20T14:42:10.642Z"}
{"level":"info","message":"⌛ Validating naves.wlk","timeElapsed":105,"timestamp":"2025-10-20T14:42:10.922Z"}
{"level":"info","message":"⌛ Validating naves.wlk","timeElapsed":103,"timestamp":"2025-10-20T14:42:11.027Z"}
{"level":"info","message":"⌛ Building environment","timeElapsed":120,"timestamp":"2025-10-20T14:42:11.513Z"}
{"level":"info","message":"⌛ Building environment","timeElapsed":114,"timestamp":"2025-10-20T14:42:12.164Z"}
{"level":"error","message":"✘ Completions for node Parameter ([94:19, 94:20] - naves.wlk) failed: Error: [Parameter]{32f969} at naves.wlk:94 exhausted all cases without a match [Parameter]{32f969} at naves.wlk:94 exhausted all cases without a match","stack":"Error: [Parameter]{32f969} at naves.wlk:94 exhausted all cases without a match\n    at /home/publico/.var/app/com.visualstudio.code/data/vscode/extensions/uqbar.wollok-lsp-ide-0.5.3/out/server/src/server.js:38:6142\n    at D2 (/home/publico/.var/app/com.visualstudio.code/data/vscode/extensions/uqbar.wollok-lsp-ide-0.5.3/out/server/src/server.js:2384:42)\n    at /home/publico/.var/app/com.visualstudio.code/data/vscode/extensions/uqbar.wollok-lsp-ide-0.5.3/out/server/src/server.js:2384:2988\n    at /home/publico/.var/app/com.visualstudio.code/data/vscode/extensions/uqbar.wollok-lsp-ide-0.5.3/out/server/src/server.js:2393:8440\n    at /home/publico/.var/app/com.visualstudio.code/data/vscode/extensions/uqbar.wollok-lsp-ide-0.5.3/out/server/src/server.js:37:74872\n    at Ye (/home/publico/.var/app/com.visualstudio.code/data/vscode/extensions/uqbar.wollok-lsp-ide-0.5.3/out/server/src/server.js:7:8527)\n    at qt (/home/publico/.var/app/com.visualstudio.code/data/vscode/extensions/uqbar.wollok-lsp-ide-0.5.3/out/server/src/server.js:7:6189)\n    at ot (/home/publico/.var/app/com.visualstudio.code/data/vscode/extensions/uqbar.wollok-lsp-ide-0.5.3/out/server/src/server.js:7:6378)\n    at Immediate._onImmediate (/home/publico/.var/app/com.visualstudio.code/data/vscode/extensions/uqbar.wollok-lsp-ide-0.5.3/out/server/src/server.js:7:6142)\n    at process.processImmediate (node:internal/timers:485:21)","timestamp":"2025-10-20T14:42:13.742Z"}
{"level":"error","message":"✘ Completions for node Parameter ([94:19, 94:21] - naves.wlk) failed: Error: [Parameter]{f12dae} at naves.wlk:94 exhausted all cases without a match [Parameter]{f12dae} at naves.wlk:94 exhausted all cases without a match","stack":"Error: [Parameter]{f12dae} at naves.wlk:94 exhausted all cases without a match\n    at /home/publico/.var/app/com.visualstudio.code/data/vscode/extensions/uqbar.wollok-lsp-ide-0.5.3/out/server/src/server.js:38:6142\n    at D2 (/home/publico/.var/app/com.visualstudio.code/data/vscode/extensions/uqbar.wollok-lsp-ide-0.5.3/out/server/src/server.js:2384:42)\n    at /home/publico/.var/app/com.visualstudio.code/data/vscode/extensions/uqbar.wollok-lsp-ide-0.5.3/out/server/src/server.js:2384:2988\n    at /home/publico/.var/app/com.visualstudio.code/data/vscode/extensions/uqbar.wollok-lsp-ide-0.5.3/out/server/src/server.js:2393:8440\n    at /home/publico/.var/app/com.visualstudio.code/data/vscode/extensions/uqbar.wollok-lsp-ide-0.5.3/out/server/src/server.js:37:74872\n    at Ye (/home/publico/.var/app/com.visualstudio.code/data/vscode/extensions/uqbar.wollok-lsp-ide-0.5.3/out/server/src/server.js:7:8527)\n    at qt (/home/publico/.var/app/com.visualstudio.code/data/vscode/extensions/uqbar.wollok-lsp-ide-0.5.3/out/server/src/server.js:7:6189)\n    at ot (/home/publico/.var/app/com.visualstudio.code/data/vscode/extensions/uqbar.wollok-lsp-ide-0.5.3/out/server/src/server.js:7:6378)\n    at Immediate._onImmediate (/home/publico/.var/app/com.visualstudio.code/data/vscode/extensions/uqbar.wollok-lsp-ide-0.5.3/out/server/src/server.js:7:6142)\n    at process.processImmediate (node:internal/timers:485:21)","timestamp":"2025-10-20T14:42:13.899Z"}
{"level":"error","message":"✘ Completions for node Parameter ([94:19, 94:22] - naves.wlk) failed: Error: [Parameter]{bb35cb} at naves.wlk:94 exhausted all cases without a match [Parameter]{bb35cb} at naves.wlk:94 exhausted all cases without a match","stack":"Error: [Parameter]{bb35cb} at naves.wlk:94 exhausted all cases without a match\n    at /home/publico/.var/app/com.visualstudio.code/data/vscode/extensions/uqbar.wollok-lsp-ide-0.5.3/out/server/src/server.js:38:6142\n    at D2 (/home/publico/.var/app/com.visualstudio.code/data/vscode/extensions/uqbar.wollok-lsp-ide-0.5.3/out/server/src/server.js:2384:42)\n    at /home/publico/.var/app/com.visualstudio.code/data/vscode/extensions/uqbar.wollok-lsp-ide-0.5.3/out/server/src/server.js:2384:2988\n    at /home/publico/.var/app/com.visualstudio.code/data/vscode/extensions/uqbar.wollok-lsp-ide-0.5.3/out/server/src/server.js:2393:8440\n    at /home/publico/.var/app/com.visualstudio.code/data/vscode/extensions/uqbar.wollok-lsp-ide-0.5.3/out/server/src/server.js:37:74872\n    at Ye (/home/publico/.var/app/com.visualstudio.code/data/vscode/extensions/uqbar.wollok-lsp-ide-0.5.3/out/server/src/server.js:7:8527)\n    at qt (/home/publico/.var/app/com.visualstudio.code/data/vscode/extensions/uqbar.wollok-lsp-ide-0.5.3/out/server/src/server.js:7:6189)\n    at ot (/home/publico/.var/app/com.visualstudio.code/data/vscode/extensions/uqbar.wollok-lsp-ide-0.5.3/out/server/src/server.js:7:6378)\n    at Immediate._onImmediate (/home/publico/.var/app/com.visualstudio.code/data/vscode/extensions/uqbar.wollok-lsp-ide-0.5.3/out/server/src/server.js:7:6142)\n    at process.processImmediate (node:internal/timers:485:21)","timestamp":"2025-10-20T14:42:14.090Z"}
{"level":"error","message":"✘ Completions for node Parameter ([94:19, 94:24] - naves.wlk) failed: Error: [Parameter]{e9640a} at naves.wlk:94 exhausted all cases without a match [Parameter]{e9640a} at naves.wlk:94 exhausted all cases without a match","stack":"Error: [Parameter]{e9640a} at naves.wlk:94 exhausted all cases without a match\n    at /home/publico/.var/app/com.visualstudio.code/data/vscode/extensions/uqbar.wollok-lsp-ide-0.5.3/out/server/src/server.js:38:6142\n    at D2 (/home/publico/.var/app/com.visualstudio.code/data/vscode/extensions/uqbar.wollok-lsp-ide-0.5.3/out/server/src/server.js:2384:42)\n    at /home/publico/.var/app/com.visualstudio.code/data/vscode/extensions/uqbar.wollok-lsp-ide-0.5.3/out/server/src/server.js:2384:2988\n    at /home/publico/.var/app/com.visualstudio.code/data/vscode/extensions/uqbar.wollok-lsp-ide-0.5.3/out/server/src/server.js:2393:8440\n    at /home/publico/.var/app/com.visualstudio.code/data/vscode/extensions/uqbar.wollok-lsp-ide-0.5.3/out/server/src/server.js:37:74872\n    at Ye (/home/publico/.var/app/com.visualstudio.code/data/vscode/extensions/uqbar.wollok-lsp-ide-0.5.3/out/server/src/server.js:7:8527)\n    at qt (/home/publico/.var/app/com.visualstudio.code/data/vscode/extensions/uqbar.wollok-lsp-ide-0.5.3/out/server/src/server.js:7:6189)\n    at ot (/home/publico/.var/app/com.visualstudio.code/data/vscode/extensions/uqbar.wollok-lsp-ide-0.5.3/out/server/src/server.js:7:6378)\n    at Immediate._onImmediate (/home/publico/.var/app/com.visualstudio.code/data/vscode/extensions/uqbar.wollok-lsp-ide-0.5.3/out/server/src/server.js:7:6142)\n    at process.processImmediate (node:internal/timers:485:21)","timestamp":"2025-10-20T14:42:14.380Z"}
{"level":"error","message":"✘ Completions for node Parameter ([94:19, 94:27] - naves.wlk) failed: Error: [Parameter]{22315f} at naves.wlk:94 exhausted all cases without a match [Parameter]{22315f} at naves.wlk:94 exhausted all cases without a match","stack":"Error: [Parameter]{22315f} at naves.wlk:94 exhausted all cases without a match\n    at /home/publico/.var/app/com.visualstudio.code/data/vscode/extensions/uqbar.wollok-lsp-ide-0.5.3/out/server/src/server.js:38:6142\n    at D2 (/home/publico/.var/app/com.visualstudio.code/data/vscode/extensions/uqbar.wollok-lsp-ide-0.5.3/out/server/src/server.js:2384:42)\n    at /home/publico/.var/app/com.visualstudio.code/data/vscode/extensions/uqbar.wollok-lsp-ide-0.5.3/out/server/src/server.js:2384:2988\n    at /home/publico/.var/app/com.visualstudio.code/data/vscode/extensions/uqbar.wollok-lsp-ide-0.5.3/out/server/src/server.js:2393:8440\n    at /home/publico/.var/app/com.visualstudio.code/data/vscode/extensions/uqbar.wollok-lsp-ide-0.5.3/out/server/src/server.js:37:74872\n    at Ye (/home/publico/.var/app/com.visualstudio.code/data/vscode/extensions/uqbar.wollok-lsp-ide-0.5.3/out/server/src/server.js:7:8527)\n    at qt (/home/publico/.var/app/com.visualstudio.code/data/vscode/extensions/uqbar.wollok-lsp-ide-0.5.3/out/server/src/server.js:7:6189)\n    at ot (/home/publico/.var/app/com.visualstudio.code/data/vscode/extensions/uqbar.wollok-lsp-ide-0.5.3/out/server/src/server.js:7:6378)\n    at Immediate._onImmediate (/home/publico/.var/app/com.visualstudio.code/data/vscode/extensions/uqbar.wollok-lsp-ide-0.5.3/out/server/src/server.js:7:6142)\n    at process.processImmediate (node:internal/timers:485:21)","timestamp":"2025-10-20T14:42:14.661Z"}
{"level":"info","message":"⌛ Validating naves.wlk","timeElapsed":101,"timestamp":"2025-10-20T14:42:14.951Z"}
{"level":"info","message":"⌛ Building environment","timeElapsed":126,"timestamp":"2025-10-20T14:42:16.610Z"}
{"level":"info","message":"⌛ Validating naves.wlk","timeElapsed":107,"timestamp":"2025-10-20T14:42:16.878Z"}
{"level":"info","message":"⌛ Validating naves.wlk","timeElapsed":102,"timestamp":"2025-10-20T14:42:18.025Z"}
{"level":"info","message":"⌛ Building environment","timeElapsed":108,"timestamp":"2025-10-20T14:42:18.450Z"}
{"level":"error","message":"✘ Completions for node Assignment ([95:3, 95:16] - naves.wlk) failed: Error: [Assignment]{80dbf1} at naves.wlk:95 exhausted all cases without a match [Assignment]{80dbf1} at naves.wlk:95 exhausted all cases without a match","stack":"Error: [Assignment]{80dbf1} at naves.wlk:95 exhausted all cases without a match\n    at /home/publico/.var/app/com.visualstudio.code/data/vscode/extensions/uqbar.wollok-lsp-ide-0.5.3/out/server/src/server.js:38:6142\n    at D2 (/home/publico/.var/app/com.visualstudio.code/data/vscode/extensions/uqbar.wollok-lsp-ide-0.5.3/out/server/src/server.js:2384:42)\n    at Qh (/home/publico/.var/app/com.visualstudio.code/data/vscode/extensions/uqbar.wollok-lsp-ide-0.5.3/out/server/src/server.js:2384:1092)\n    at k6n (/home/publico/.var/app/com.visualstudio.code/data/vscode/extensions/uqbar.wollok-lsp-ide-0.5.3/out/server/src/server.js:2384:1248)\n    at /home/publico/.var/app/com.visualstudio.code/data/vscode/extensions/uqbar.wollok-lsp-ide-0.5.3/out/server/src/server.js:38:6131\n    at D2 (/home/publico/.var/app/com.visualstudio.code/data/vscode/extensions/uqbar.wollok-lsp-ide-0.5.3/out/server/src/server.js:2384:42)\n    at /home/publico/.var/app/com.visualstudio.code/data/vscode/extensions/uqbar.wollok-lsp-ide-0.5.3/out/server/src/server.js:2384:2988\n    at /home/publico/.var/app/com.visualstudio.code/data/vscode/extensions/uqbar.wollok-lsp-ide-0.5.3/out/server/src/server.js:2393:8440\n    at /home/publico/.var/app/com.visualstudio.code/data/vscode/extensions/uqbar.wollok-lsp-ide-0.5.3/out/server/src/server.js:37:74872\n    at Ye (/home/publico/.var/app/com.visualstudio.code/data/vscode/extensions/uqbar.wollok-lsp-ide-0.5.3/out/server/src/server.js:7:8527)","timestamp":"2025-10-20T14:42:19.324Z"}
{"level":"info","message":"⌛ Building environment","timeElapsed":102,"timestamp":"2025-10-20T14:42:20.031Z"}
{"level":"info","message":"⌛ Building environment","timeElapsed":106,"timestamp":"2025-10-20T14:42:21.909Z"}
{"level":"info","message":"🧪 Test runner executed on /home/publico/Documentos/Programación con Objetos I/naves-espaciales-tachylab","result":{"errored":0,"failed":0,"ok":22},"testsFailed":[],"timeElapsed":309,"timestamp":"2025-10-20T14:42:28.213Z"}
